CRITICAL - 2022-01-25 07:50:33 --> Class "App\Models\LoginModel" not found
#0 C:\xampp\htdocs\sistemkesehatantaruna\system\CodeIgniter.php(802): App\Controllers\Auth->__construct()
#1 C:\xampp\htdocs\sistemkesehatantaruna\system\CodeIgniter.php(403): CodeIgniter\CodeIgniter->createController()
#2 C:\xampp\htdocs\sistemkesehatantaruna\system\CodeIgniter.php(320): CodeIgniter\CodeIgniter->handleRequest(NULL, Object(Config\Cache), false)
#3 C:\xampp\htdocs\sistemkesehatantaruna\public\index.php(37): CodeIgniter\CodeIgniter->run()
#4 {main}
CRITICAL - 2022-01-25 07:50:47 --> Class "App\Models\LoginModel" not found
#0 C:\xampp\htdocs\sistemkesehatantaruna\system\CodeIgniter.php(802): App\Controllers\Auth->__construct()
#1 C:\xampp\htdocs\sistemkesehatantaruna\system\CodeIgniter.php(403): CodeIgniter\CodeIgniter->createController()
#2 C:\xampp\htdocs\sistemkesehatantaruna\system\CodeIgniter.php(320): CodeIgniter\CodeIgniter->handleRequest(NULL, Object(Config\Cache), false)
#3 C:\xampp\htdocs\sistemkesehatantaruna\public\index.php(37): CodeIgniter\CodeIgniter->run()
#4 {main}
CRITICAL - 2022-01-25 07:51:06 --> Class "App\Models\LoginModel" not found
#0 C:\xampp\htdocs\sistemkesehatantaruna\system\CodeIgniter.php(802): App\Controllers\Auth->__construct()
#1 C:\xampp\htdocs\sistemkesehatantaruna\system\CodeIgniter.php(403): CodeIgniter\CodeIgniter->createController()
#2 C:\xampp\htdocs\sistemkesehatantaruna\system\CodeIgniter.php(320): CodeIgniter\CodeIgniter->handleRequest(NULL, Object(Config\Cache), false)
#3 C:\xampp\htdocs\sistemkesehatantaruna\public\index.php(37): CodeIgniter\CodeIgniter->run()
#4 {main}
CRITICAL - 2022-01-25 07:51:43 --> Class "App\Models\LoginModel" not found
#0 C:\xampp\htdocs\sistemkesehatantaruna\system\CodeIgniter.php(802): App\Controllers\Auth->__construct()
#1 C:\xampp\htdocs\sistemkesehatantaruna\system\CodeIgniter.php(403): CodeIgniter\CodeIgniter->createController()
#2 C:\xampp\htdocs\sistemkesehatantaruna\system\CodeIgniter.php(320): CodeIgniter\CodeIgniter->handleRequest(NULL, Object(Config\Cache), false)
#3 C:\xampp\htdocs\sistemkesehatantaruna\public\index.php(37): CodeIgniter\CodeIgniter->run()
#4 {main}
CRITICAL - 2022-01-25 07:51:58 --> Class "App\Models\LoginModel" not found
#0 C:\xampp\htdocs\sistemkesehatantaruna\system\CodeIgniter.php(802): App\Controllers\Auth->__construct()
#1 C:\xampp\htdocs\sistemkesehatantaruna\system\CodeIgniter.php(403): CodeIgniter\CodeIgniter->createController()
#2 C:\xampp\htdocs\sistemkesehatantaruna\system\CodeIgniter.php(320): CodeIgniter\CodeIgniter->handleRequest(NULL, Object(Config\Cache), false)
#3 C:\xampp\htdocs\sistemkesehatantaruna\public\index.php(37): CodeIgniter\CodeIgniter->run()
#4 {main}
CRITICAL - 2022-01-25 07:52:31 --> Class "App\Models\LoginModel" not found
#0 C:\xampp\htdocs\sistemkesehatantaruna\system\CodeIgniter.php(802): App\Controllers\Auth->__construct()
#1 C:\xampp\htdocs\sistemkesehatantaruna\system\CodeIgniter.php(403): CodeIgniter\CodeIgniter->createController()
#2 C:\xampp\htdocs\sistemkesehatantaruna\system\CodeIgniter.php(320): CodeIgniter\CodeIgniter->handleRequest(NULL, Object(Config\Cache), false)
#3 C:\xampp\htdocs\sistemkesehatantaruna\public\index.php(37): CodeIgniter\CodeIgniter->run()
#4 {main}
CRITICAL - 2022-01-25 07:54:27 --> Class "App\Models\LoginModel" not found
#0 C:\xampp\htdocs\sistemkesehatantaruna\system\CodeIgniter.php(802): App\Controllers\Auth->__construct()
#1 C:\xampp\htdocs\sistemkesehatantaruna\system\CodeIgniter.php(403): CodeIgniter\CodeIgniter->createController()
#2 C:\xampp\htdocs\sistemkesehatantaruna\system\CodeIgniter.php(320): CodeIgniter\CodeIgniter->handleRequest(NULL, Object(Config\Cache), false)
#3 C:\xampp\htdocs\sistemkesehatantaruna\public\index.php(37): CodeIgniter\CodeIgniter->run()
#4 {main}
CRITICAL - 2022-01-25 07:54:28 --> Class "App\Models\LoginModel" not found
#0 C:\xampp\htdocs\sistemkesehatantaruna\system\CodeIgniter.php(802): App\Controllers\Auth->__construct()
#1 C:\xampp\htdocs\sistemkesehatantaruna\system\CodeIgniter.php(403): CodeIgniter\CodeIgniter->createController()
#2 C:\xampp\htdocs\sistemkesehatantaruna\system\CodeIgniter.php(320): CodeIgniter\CodeIgniter->handleRequest(NULL, Object(Config\Cache), false)
#3 C:\xampp\htdocs\sistemkesehatantaruna\public\index.php(37): CodeIgniter\CodeIgniter->run()
#4 {main}
CRITICAL - 2022-01-25 07:54:29 --> Class "App\Models\LoginModel" not found
#0 C:\xampp\htdocs\sistemkesehatantaruna\system\CodeIgniter.php(802): App\Controllers\Auth->__construct()
#1 C:\xampp\htdocs\sistemkesehatantaruna\system\CodeIgniter.php(403): CodeIgniter\CodeIgniter->createController()
#2 C:\xampp\htdocs\sistemkesehatantaruna\system\CodeIgniter.php(320): CodeIgniter\CodeIgniter->handleRequest(NULL, Object(Config\Cache), false)
#3 C:\xampp\htdocs\sistemkesehatantaruna\public\index.php(37): CodeIgniter\CodeIgniter->run()
#4 {main}
CRITICAL - 2022-01-25 07:54:50 --> Class "App\Models\LoginModel" not found
#0 C:\xampp\htdocs\sistemkesehatantaruna\system\CodeIgniter.php(802): App\Controllers\Auth->__construct()
#1 C:\xampp\htdocs\sistemkesehatantaruna\system\CodeIgniter.php(403): CodeIgniter\CodeIgniter->createController()
#2 C:\xampp\htdocs\sistemkesehatantaruna\system\CodeIgniter.php(320): CodeIgniter\CodeIgniter->handleRequest(NULL, Object(Config\Cache), false)
#3 C:\xampp\htdocs\sistemkesehatantaruna\public\index.php(37): CodeIgniter\CodeIgniter->run()
#4 {main}
CRITICAL - 2022-01-25 07:55:00 --> Class "App\Models\LoginModel" not found
#0 C:\xampp\htdocs\sistemkesehatantaruna\system\CodeIgniter.php(802): App\Controllers\Auth->__construct()
#1 C:\xampp\htdocs\sistemkesehatantaruna\system\CodeIgniter.php(403): CodeIgniter\CodeIgniter->createController()
#2 C:\xampp\htdocs\sistemkesehatantaruna\system\CodeIgniter.php(320): CodeIgniter\CodeIgniter->handleRequest(NULL, Object(Config\Cache), false)
#3 C:\xampp\htdocs\sistemkesehatantaruna\public\index.php(37): CodeIgniter\CodeIgniter->run()
#4 {main}
CRITICAL - 2022-01-25 07:55:01 --> Class "App\Models\LoginModel" not found
#0 C:\xampp\htdocs\sistemkesehatantaruna\system\CodeIgniter.php(802): App\Controllers\Auth->__construct()
#1 C:\xampp\htdocs\sistemkesehatantaruna\system\CodeIgniter.php(403): CodeIgniter\CodeIgniter->createController()
#2 C:\xampp\htdocs\sistemkesehatantaruna\system\CodeIgniter.php(320): CodeIgniter\CodeIgniter->handleRequest(NULL, Object(Config\Cache), false)
#3 C:\xampp\htdocs\sistemkesehatantaruna\public\index.php(37): CodeIgniter\CodeIgniter->run()
#4 {main}
CRITICAL - 2022-01-25 07:55:57 --> Class "App\Models\LoginModel" not found
#0 C:\xampp\htdocs\sistemkesehatantaruna\system\CodeIgniter.php(802): App\Controllers\Auth->__construct()
#1 C:\xampp\htdocs\sistemkesehatantaruna\system\CodeIgniter.php(403): CodeIgniter\CodeIgniter->createController()
#2 C:\xampp\htdocs\sistemkesehatantaruna\system\CodeIgniter.php(320): CodeIgniter\CodeIgniter->handleRequest(NULL, Object(Config\Cache), false)
#3 C:\xampp\htdocs\sistemkesehatantaruna\public\index.php(37): CodeIgniter\CodeIgniter->run()
#4 {main}
CRITICAL - 2022-01-25 07:59:54 --> Class "App\Model\LoginModel" not found
#0 C:\xampp\htdocs\sistemkesehatantaruna\system\CodeIgniter.php(802): App\Controllers\Auth->__construct()
#1 C:\xampp\htdocs\sistemkesehatantaruna\system\CodeIgniter.php(403): CodeIgniter\CodeIgniter->createController()
#2 C:\xampp\htdocs\sistemkesehatantaruna\system\CodeIgniter.php(320): CodeIgniter\CodeIgniter->handleRequest(NULL, Object(Config\Cache), false)
#3 C:\xampp\htdocs\sistemkesehatantaruna\public\index.php(37): CodeIgniter\CodeIgniter->run()
#4 {main}
CRITICAL - 2022-01-25 07:59:55 --> Class "App\Model\LoginModel" not found
#0 C:\xampp\htdocs\sistemkesehatantaruna\system\CodeIgniter.php(802): App\Controllers\Auth->__construct()
#1 C:\xampp\htdocs\sistemkesehatantaruna\system\CodeIgniter.php(403): CodeIgniter\CodeIgniter->createController()
#2 C:\xampp\htdocs\sistemkesehatantaruna\system\CodeIgniter.php(320): CodeIgniter\CodeIgniter->handleRequest(NULL, Object(Config\Cache), false)
#3 C:\xampp\htdocs\sistemkesehatantaruna\public\index.php(37): CodeIgniter\CodeIgniter->run()
#4 {main}
CRITICAL - 2022-01-25 07:59:56 --> Class "App\Model\LoginModel" not found
#0 C:\xampp\htdocs\sistemkesehatantaruna\system\CodeIgniter.php(802): App\Controllers\Auth->__construct()
#1 C:\xampp\htdocs\sistemkesehatantaruna\system\CodeIgniter.php(403): CodeIgniter\CodeIgniter->createController()
#2 C:\xampp\htdocs\sistemkesehatantaruna\system\CodeIgniter.php(320): CodeIgniter\CodeIgniter->handleRequest(NULL, Object(Config\Cache), false)
#3 C:\xampp\htdocs\sistemkesehatantaruna\public\index.php(37): CodeIgniter\CodeIgniter->run()
#4 {main}
CRITICAL - 2022-01-25 08:00:23 --> Class "App\Models\LoginModel" not found
#0 C:\xampp\htdocs\sistemkesehatantaruna\system\CodeIgniter.php(802): App\Controllers\Auth->__construct()
#1 C:\xampp\htdocs\sistemkesehatantaruna\system\CodeIgniter.php(403): CodeIgniter\CodeIgniter->createController()
#2 C:\xampp\htdocs\sistemkesehatantaruna\system\CodeIgniter.php(320): CodeIgniter\CodeIgniter->handleRequest(NULL, Object(Config\Cache), false)
#3 C:\xampp\htdocs\sistemkesehatantaruna\public\index.php(37): CodeIgniter\CodeIgniter->run()
#4 {main}
CRITICAL - 2022-01-25 08:02:05 --> Class "App\Controllers\LoginModel" not found
#0 C:\xampp\htdocs\sistemkesehatantaruna\system\CodeIgniter.php(802): App\Controllers\Auth->__construct()
#1 C:\xampp\htdocs\sistemkesehatantaruna\system\CodeIgniter.php(403): CodeIgniter\CodeIgniter->createController()
#2 C:\xampp\htdocs\sistemkesehatantaruna\system\CodeIgniter.php(320): CodeIgniter\CodeIgniter->handleRequest(NULL, Object(Config\Cache), false)
#3 C:\xampp\htdocs\sistemkesehatantaruna\public\index.php(37): CodeIgniter\CodeIgniter->run()
#4 {main}
CRITICAL - 2022-01-25 08:02:47 --> Class "App\Models\LoginModel" not found
#0 C:\xampp\htdocs\sistemkesehatantaruna\system\CodeIgniter.php(802): App\Controllers\Auth->__construct()
#1 C:\xampp\htdocs\sistemkesehatantaruna\system\CodeIgniter.php(403): CodeIgniter\CodeIgniter->createController()
#2 C:\xampp\htdocs\sistemkesehatantaruna\system\CodeIgniter.php(320): CodeIgniter\CodeIgniter->handleRequest(NULL, Object(Config\Cache), false)
#3 C:\xampp\htdocs\sistemkesehatantaruna\public\index.php(37): CodeIgniter\CodeIgniter->run()
#4 {main}
CRITICAL - 2022-01-25 08:04:29 --> Class "CodeIgniter\Model\LoginModel" not found
#0 C:\xampp\htdocs\sistemkesehatantaruna\system\CodeIgniter.php(802): App\Controllers\Auth->__construct()
#1 C:\xampp\htdocs\sistemkesehatantaruna\system\CodeIgniter.php(403): CodeIgniter\CodeIgniter->createController()
#2 C:\xampp\htdocs\sistemkesehatantaruna\system\CodeIgniter.php(320): CodeIgniter\CodeIgniter->handleRequest(NULL, Object(Config\Cache), false)
#3 C:\xampp\htdocs\sistemkesehatantaruna\public\index.php(37): CodeIgniter\CodeIgniter->run()
#4 {main}
CRITICAL - 2022-01-25 08:04:41 --> Class "CodeIgniter\Models\LoginModel" not found
#0 C:\xampp\htdocs\sistemkesehatantaruna\system\CodeIgniter.php(802): App\Controllers\Auth->__construct()
#1 C:\xampp\htdocs\sistemkesehatantaruna\system\CodeIgniter.php(403): CodeIgniter\CodeIgniter->createController()
#2 C:\xampp\htdocs\sistemkesehatantaruna\system\CodeIgniter.php(320): CodeIgniter\CodeIgniter->handleRequest(NULL, Object(Config\Cache), false)
#3 C:\xampp\htdocs\sistemkesehatantaruna\public\index.php(37): CodeIgniter\CodeIgniter->run()
#4 {main}
CRITICAL - 2022-01-25 08:04:47 --> Class "App\Models\LoginModel" not found
#0 C:\xampp\htdocs\sistemkesehatantaruna\system\CodeIgniter.php(802): App\Controllers\Auth->__construct()
#1 C:\xampp\htdocs\sistemkesehatantaruna\system\CodeIgniter.php(403): CodeIgniter\CodeIgniter->createController()
#2 C:\xampp\htdocs\sistemkesehatantaruna\system\CodeIgniter.php(320): CodeIgniter\CodeIgniter->handleRequest(NULL, Object(Config\Cache), false)
#3 C:\xampp\htdocs\sistemkesehatantaruna\public\index.php(37): CodeIgniter\CodeIgniter->run()
#4 {main}
CRITICAL - 2022-01-25 08:04:56 --> Class "App\Controllers\LoginModel" not found
#0 C:\xampp\htdocs\sistemkesehatantaruna\system\CodeIgniter.php(802): App\Controllers\Auth->__construct()
#1 C:\xampp\htdocs\sistemkesehatantaruna\system\CodeIgniter.php(403): CodeIgniter\CodeIgniter->createController()
#2 C:\xampp\htdocs\sistemkesehatantaruna\system\CodeIgniter.php(320): CodeIgniter\CodeIgniter->handleRequest(NULL, Object(Config\Cache), false)
#3 C:\xampp\htdocs\sistemkesehatantaruna\public\index.php(37): CodeIgniter\CodeIgniter->run()
#4 {main}
CRITICAL - 2022-01-25 08:05:08 --> Class "App\Controllers\LoginModel" not found
#0 C:\xampp\htdocs\sistemkesehatantaruna\system\CodeIgniter.php(802): App\Controllers\Auth->__construct()
#1 C:\xampp\htdocs\sistemkesehatantaruna\system\CodeIgniter.php(403): CodeIgniter\CodeIgniter->createController()
#2 C:\xampp\htdocs\sistemkesehatantaruna\system\CodeIgniter.php(320): CodeIgniter\CodeIgniter->handleRequest(NULL, Object(Config\Cache), false)
#3 C:\xampp\htdocs\sistemkesehatantaruna\public\index.php(37): CodeIgniter\CodeIgniter->run()
#4 {main}
CRITICAL - 2022-01-25 08:05:09 --> Class "App\Controllers\LoginModel" not found
#0 C:\xampp\htdocs\sistemkesehatantaruna\system\CodeIgniter.php(802): App\Controllers\Auth->__construct()
#1 C:\xampp\htdocs\sistemkesehatantaruna\system\CodeIgniter.php(403): CodeIgniter\CodeIgniter->createController()
#2 C:\xampp\htdocs\sistemkesehatantaruna\system\CodeIgniter.php(320): CodeIgniter\CodeIgniter->handleRequest(NULL, Object(Config\Cache), false)
#3 C:\xampp\htdocs\sistemkesehatantaruna\public\index.php(37): CodeIgniter\CodeIgniter->run()
#4 {main}
CRITICAL - 2022-01-25 08:05:34 --> Class "CodeIgniter\LoginModel" not found
#0 C:\xampp\htdocs\sistemkesehatantaruna\system\CodeIgniter.php(802): App\Controllers\Auth->__construct()
#1 C:\xampp\htdocs\sistemkesehatantaruna\system\CodeIgniter.php(403): CodeIgniter\CodeIgniter->createController()
#2 C:\xampp\htdocs\sistemkesehatantaruna\system\CodeIgniter.php(320): CodeIgniter\CodeIgniter->handleRequest(NULL, Object(Config\Cache), false)
#3 C:\xampp\htdocs\sistemkesehatantaruna\public\index.php(37): CodeIgniter\CodeIgniter->run()
#4 {main}
CRITICAL - 2022-01-25 08:07:09 --> Class "App\Models\LoginModel" not found
#0 C:\xampp\htdocs\sistemkesehatantaruna\system\CodeIgniter.php(802): App\Controllers\Auth->__construct()
#1 C:\xampp\htdocs\sistemkesehatantaruna\system\CodeIgniter.php(403): CodeIgniter\CodeIgniter->createController()
#2 C:\xampp\htdocs\sistemkesehatantaruna\system\CodeIgniter.php(320): CodeIgniter\CodeIgniter->handleRequest(NULL, Object(Config\Cache), false)
#3 C:\xampp\htdocs\sistemkesehatantaruna\public\index.php(37): CodeIgniter\CodeIgniter->run()
#4 {main}
CRITICAL - 2022-01-25 08:07:10 --> Class "App\Models\LoginModel" not found
#0 C:\xampp\htdocs\sistemkesehatantaruna\system\CodeIgniter.php(802): App\Controllers\Auth->__construct()
#1 C:\xampp\htdocs\sistemkesehatantaruna\system\CodeIgniter.php(403): CodeIgniter\CodeIgniter->createController()
#2 C:\xampp\htdocs\sistemkesehatantaruna\system\CodeIgniter.php(320): CodeIgniter\CodeIgniter->handleRequest(NULL, Object(Config\Cache), false)
#3 C:\xampp\htdocs\sistemkesehatantaruna\public\index.php(37): CodeIgniter\CodeIgniter->run()
#4 {main}
CRITICAL - 2022-01-25 08:07:10 --> Class "App\Models\LoginModel" not found
#0 C:\xampp\htdocs\sistemkesehatantaruna\system\CodeIgniter.php(802): App\Controllers\Auth->__construct()
#1 C:\xampp\htdocs\sistemkesehatantaruna\system\CodeIgniter.php(403): CodeIgniter\CodeIgniter->createController()
#2 C:\xampp\htdocs\sistemkesehatantaruna\system\CodeIgniter.php(320): CodeIgniter\CodeIgniter->handleRequest(NULL, Object(Config\Cache), false)
#3 C:\xampp\htdocs\sistemkesehatantaruna\public\index.php(37): CodeIgniter\CodeIgniter->run()
#4 {main}
CRITICAL - 2022-01-25 08:08:58 --> Class "App\Models\LoginModels" not found
#0 C:\xampp\htdocs\sistemkesehatantaruna\system\CodeIgniter.php(802): App\Controllers\Auth->__construct()
#1 C:\xampp\htdocs\sistemkesehatantaruna\system\CodeIgniter.php(403): CodeIgniter\CodeIgniter->createController()
#2 C:\xampp\htdocs\sistemkesehatantaruna\system\CodeIgniter.php(320): CodeIgniter\CodeIgniter->handleRequest(NULL, Object(Config\Cache), false)
#3 C:\xampp\htdocs\sistemkesehatantaruna\public\index.php(37): CodeIgniter\CodeIgniter->run()
#4 {main}
CRITICAL - 2022-01-25 08:09:00 --> Class "App\Models\LoginModels" not found
#0 C:\xampp\htdocs\sistemkesehatantaruna\system\CodeIgniter.php(802): App\Controllers\Auth->__construct()
#1 C:\xampp\htdocs\sistemkesehatantaruna\system\CodeIgniter.php(403): CodeIgniter\CodeIgniter->createController()
#2 C:\xampp\htdocs\sistemkesehatantaruna\system\CodeIgniter.php(320): CodeIgniter\CodeIgniter->handleRequest(NULL, Object(Config\Cache), false)
#3 C:\xampp\htdocs\sistemkesehatantaruna\public\index.php(37): CodeIgniter\CodeIgniter->run()
#4 {main}
CRITICAL - 2022-01-25 08:09:48 --> Class "App\Models\LoginModel" not found
#0 C:\xampp\htdocs\sistemkesehatantaruna\system\CodeIgniter.php(802): App\Controllers\Auth->__construct()
#1 C:\xampp\htdocs\sistemkesehatantaruna\system\CodeIgniter.php(403): CodeIgniter\CodeIgniter->createController()
#2 C:\xampp\htdocs\sistemkesehatantaruna\system\CodeIgniter.php(320): CodeIgniter\CodeIgniter->handleRequest(NULL, Object(Config\Cache), false)
#3 C:\xampp\htdocs\sistemkesehatantaruna\public\index.php(37): CodeIgniter\CodeIgniter->run()
#4 {main}
CRITICAL - 2022-01-25 08:11:33 --> Class "App\Models\LoginModel" not found
#0 C:\xampp\htdocs\sistemkesehatantaruna\system\CodeIgniter.php(802): App\Controllers\Auth->__construct()
#1 C:\xampp\htdocs\sistemkesehatantaruna\system\CodeIgniter.php(403): CodeIgniter\CodeIgniter->createController()
#2 C:\xampp\htdocs\sistemkesehatantaruna\system\CodeIgniter.php(320): CodeIgniter\CodeIgniter->handleRequest(NULL, Object(Config\Cache), false)
#3 C:\xampp\htdocs\sistemkesehatantaruna\public\index.php(37): CodeIgniter\CodeIgniter->run()
#4 {main}
CRITICAL - 2022-01-25 08:13:06 --> Class "App\Models\LoginModel" not found
#0 C:\xampp\htdocs\sistemkesehatantaruna\system\CodeIgniter.php(802): App\Controllers\Auth->__construct()
#1 C:\xampp\htdocs\sistemkesehatantaruna\system\CodeIgniter.php(403): CodeIgniter\CodeIgniter->createController()
#2 C:\xampp\htdocs\sistemkesehatantaruna\system\CodeIgniter.php(320): CodeIgniter\CodeIgniter->handleRequest(NULL, Object(Config\Cache), false)
#3 C:\xampp\htdocs\sistemkesehatantaruna\public\index.php(37): CodeIgniter\CodeIgniter->run()
#4 {main}
CRITICAL - 2022-01-25 08:13:22 --> Class "App\Models\LoginModel" not found
#0 C:\xampp\htdocs\sistemkesehatantaruna\system\CodeIgniter.php(802): App\Controllers\Auth->__construct()
#1 C:\xampp\htdocs\sistemkesehatantaruna\system\CodeIgniter.php(403): CodeIgniter\CodeIgniter->createController()
#2 C:\xampp\htdocs\sistemkesehatantaruna\system\CodeIgniter.php(320): CodeIgniter\CodeIgniter->handleRequest(NULL, Object(Config\Cache), false)
#3 C:\xampp\htdocs\sistemkesehatantaruna\public\index.php(37): CodeIgniter\CodeIgniter->run()
#4 {main}
CRITICAL - 2022-01-25 08:15:41 --> Class "App\Models\LoginModel" not found
#0 C:\xampp\htdocs\sistemkesehatantaruna\system\CodeIgniter.php(802): App\Controllers\Auth->__construct()
#1 C:\xampp\htdocs\sistemkesehatantaruna\system\CodeIgniter.php(403): CodeIgniter\CodeIgniter->createController()
#2 C:\xampp\htdocs\sistemkesehatantaruna\system\CodeIgniter.php(320): CodeIgniter\CodeIgniter->handleRequest(NULL, Object(Config\Cache), false)
#3 C:\xampp\htdocs\sistemkesehatantaruna\public\index.php(37): CodeIgniter\CodeIgniter->run()
#4 {main}
CRITICAL - 2022-01-25 08:17:47 --> Class "App\Models\LoginModel" not found
#0 C:\xampp\htdocs\sistemkesehatantaruna\system\CodeIgniter.php(802): App\Controllers\Auth->__construct()
#1 C:\xampp\htdocs\sistemkesehatantaruna\system\CodeIgniter.php(403): CodeIgniter\CodeIgniter->createController()
#2 C:\xampp\htdocs\sistemkesehatantaruna\system\CodeIgniter.php(320): CodeIgniter\CodeIgniter->handleRequest(NULL, Object(Config\Cache), false)
#3 C:\xampp\htdocs\sistemkesehatantaruna\public\index.php(37): CodeIgniter\CodeIgniter->run()
#4 {main}
CRITICAL - 2022-01-25 08:17:47 --> Class "App\Models\LoginModel" not found
#0 C:\xampp\htdocs\sistemkesehatantaruna\system\CodeIgniter.php(802): App\Controllers\Auth->__construct()
#1 C:\xampp\htdocs\sistemkesehatantaruna\system\CodeIgniter.php(403): CodeIgniter\CodeIgniter->createController()
#2 C:\xampp\htdocs\sistemkesehatantaruna\system\CodeIgniter.php(320): CodeIgniter\CodeIgniter->handleRequest(NULL, Object(Config\Cache), false)
#3 C:\xampp\htdocs\sistemkesehatantaruna\public\index.php(37): CodeIgniter\CodeIgniter->run()
#4 {main}
CRITICAL - 2022-01-25 08:17:48 --> Class "App\Models\LoginModel" not found
#0 C:\xampp\htdocs\sistemkesehatantaruna\system\CodeIgniter.php(802): App\Controllers\Auth->__construct()
#1 C:\xampp\htdocs\sistemkesehatantaruna\system\CodeIgniter.php(403): CodeIgniter\CodeIgniter->createController()
#2 C:\xampp\htdocs\sistemkesehatantaruna\system\CodeIgniter.php(320): CodeIgniter\CodeIgniter->handleRequest(NULL, Object(Config\Cache), false)
#3 C:\xampp\htdocs\sistemkesehatantaruna\public\index.php(37): CodeIgniter\CodeIgniter->run()
#4 {main}
CRITICAL - 2022-01-25 08:17:48 --> Class "App\Models\LoginModel" not found
#0 C:\xampp\htdocs\sistemkesehatantaruna\system\CodeIgniter.php(802): App\Controllers\Auth->__construct()
#1 C:\xampp\htdocs\sistemkesehatantaruna\system\CodeIgniter.php(403): CodeIgniter\CodeIgniter->createController()
#2 C:\xampp\htdocs\sistemkesehatantaruna\system\CodeIgniter.php(320): CodeIgniter\CodeIgniter->handleRequest(NULL, Object(Config\Cache), false)
#3 C:\xampp\htdocs\sistemkesehatantaruna\public\index.php(37): CodeIgniter\CodeIgniter->run()
#4 {main}
CRITICAL - 2022-01-25 08:17:48 --> Class "App\Models\LoginModel" not found
#0 C:\xampp\htdocs\sistemkesehatantaruna\system\CodeIgniter.php(802): App\Controllers\Auth->__construct()
#1 C:\xampp\htdocs\sistemkesehatantaruna\system\CodeIgniter.php(403): CodeIgniter\CodeIgniter->createController()
#2 C:\xampp\htdocs\sistemkesehatantaruna\system\CodeIgniter.php(320): CodeIgniter\CodeIgniter->handleRequest(NULL, Object(Config\Cache), false)
#3 C:\xampp\htdocs\sistemkesehatantaruna\public\index.php(37): CodeIgniter\CodeIgniter->run()
#4 {main}
CRITICAL - 2022-01-25 08:17:48 --> Class "App\Models\LoginModel" not found
#0 C:\xampp\htdocs\sistemkesehatantaruna\system\CodeIgniter.php(802): App\Controllers\Auth->__construct()
#1 C:\xampp\htdocs\sistemkesehatantaruna\system\CodeIgniter.php(403): CodeIgniter\CodeIgniter->createController()
#2 C:\xampp\htdocs\sistemkesehatantaruna\system\CodeIgniter.php(320): CodeIgniter\CodeIgniter->handleRequest(NULL, Object(Config\Cache), false)
#3 C:\xampp\htdocs\sistemkesehatantaruna\public\index.php(37): CodeIgniter\CodeIgniter->run()
#4 {main}
CRITICAL - 2022-01-25 08:19:05 --> Class "App\Models\LoginModel" not found
#0 C:\xampp\htdocs\sistemkesehatantaruna\system\CodeIgniter.php(825): App\Controllers\Auth->index()
#1 C:\xampp\htdocs\sistemkesehatantaruna\system\CodeIgniter.php(412): CodeIgniter\CodeIgniter->runController(Object(App\Controllers\Auth))
#2 C:\xampp\htdocs\sistemkesehatantaruna\system\CodeIgniter.php(320): CodeIgniter\CodeIgniter->handleRequest(NULL, Object(Config\Cache), false)
#3 C:\xampp\htdocs\sistemkesehatantaruna\public\index.php(37): CodeIgniter\CodeIgniter->run()
#4 {main}
CRITICAL - 2022-01-25 08:19:26 --> Class "LoginModel" not found
#0 C:\xampp\htdocs\sistemkesehatantaruna\system\CodeIgniter.php(802): App\Controllers\Auth->__construct()
#1 C:\xampp\htdocs\sistemkesehatantaruna\system\CodeIgniter.php(403): CodeIgniter\CodeIgniter->createController()
#2 C:\xampp\htdocs\sistemkesehatantaruna\system\CodeIgniter.php(320): CodeIgniter\CodeIgniter->handleRequest(NULL, Object(Config\Cache), false)
#3 C:\xampp\htdocs\sistemkesehatantaruna\public\index.php(37): CodeIgniter\CodeIgniter->run()
#4 {main}
CRITICAL - 2022-01-25 08:19:43 --> Class "App\Models\LoginModel" not found
#0 C:\xampp\htdocs\sistemkesehatantaruna\system\CodeIgniter.php(802): App\Controllers\Auth->__construct()
#1 C:\xampp\htdocs\sistemkesehatantaruna\system\CodeIgniter.php(403): CodeIgniter\CodeIgniter->createController()
#2 C:\xampp\htdocs\sistemkesehatantaruna\system\CodeIgniter.php(320): CodeIgniter\CodeIgniter->handleRequest(NULL, Object(Config\Cache), false)
#3 C:\xampp\htdocs\sistemkesehatantaruna\public\index.php(37): CodeIgniter\CodeIgniter->run()
#4 {main}
CRITICAL - 2022-01-25 08:20:13 --> Class "App\Models\LoginModel" not found
#0 C:\xampp\htdocs\sistemkesehatantaruna\system\CodeIgniter.php(802): App\Controllers\Auth->__construct()
#1 C:\xampp\htdocs\sistemkesehatantaruna\system\CodeIgniter.php(403): CodeIgniter\CodeIgniter->createController()
#2 C:\xampp\htdocs\sistemkesehatantaruna\system\CodeIgniter.php(320): CodeIgniter\CodeIgniter->handleRequest(NULL, Object(Config\Cache), false)
#3 C:\xampp\htdocs\sistemkesehatantaruna\public\index.php(37): CodeIgniter\CodeIgniter->run()
#4 {main}
CRITICAL - 2022-01-25 08:20:15 --> Class "App\Models\LoginModel" not found
#0 C:\xampp\htdocs\sistemkesehatantaruna\system\CodeIgniter.php(802): App\Controllers\Auth->__construct()
#1 C:\xampp\htdocs\sistemkesehatantaruna\system\CodeIgniter.php(403): CodeIgniter\CodeIgniter->createController()
#2 C:\xampp\htdocs\sistemkesehatantaruna\system\CodeIgniter.php(320): CodeIgniter\CodeIgniter->handleRequest(NULL, Object(Config\Cache), false)
#3 C:\xampp\htdocs\sistemkesehatantaruna\public\index.php(37): CodeIgniter\CodeIgniter->run()
#4 {main}
CRITICAL - 2022-01-25 08:20:15 --> Class "App\Models\LoginModel" not found
#0 C:\xampp\htdocs\sistemkesehatantaruna\system\CodeIgniter.php(802): App\Controllers\Auth->__construct()
#1 C:\xampp\htdocs\sistemkesehatantaruna\system\CodeIgniter.php(403): CodeIgniter\CodeIgniter->createController()
#2 C:\xampp\htdocs\sistemkesehatantaruna\system\CodeIgniter.php(320): CodeIgniter\CodeIgniter->handleRequest(NULL, Object(Config\Cache), false)
#3 C:\xampp\htdocs\sistemkesehatantaruna\public\index.php(37): CodeIgniter\CodeIgniter->run()
#4 {main}
CRITICAL - 2022-01-25 08:20:24 --> Class "App\Models\LoginModel" not found
#0 C:\xampp\htdocs\sistemkesehatantaruna\system\CodeIgniter.php(802): App\Controllers\Auth->__construct()
#1 C:\xampp\htdocs\sistemkesehatantaruna\system\CodeIgniter.php(403): CodeIgniter\CodeIgniter->createController()
#2 C:\xampp\htdocs\sistemkesehatantaruna\system\CodeIgniter.php(320): CodeIgniter\CodeIgniter->handleRequest(NULL, Object(Config\Cache), false)
#3 C:\xampp\htdocs\sistemkesehatantaruna\public\index.php(37): CodeIgniter\CodeIgniter->run()
#4 {main}
CRITICAL - 2022-01-25 08:20:25 --> Class "App\Models\LoginModel" not found
#0 C:\xampp\htdocs\sistemkesehatantaruna\system\CodeIgniter.php(802): App\Controllers\Auth->__construct()
#1 C:\xampp\htdocs\sistemkesehatantaruna\system\CodeIgniter.php(403): CodeIgniter\CodeIgniter->createController()
#2 C:\xampp\htdocs\sistemkesehatantaruna\system\CodeIgniter.php(320): CodeIgniter\CodeIgniter->handleRequest(NULL, Object(Config\Cache), false)
#3 C:\xampp\htdocs\sistemkesehatantaruna\public\index.php(37): CodeIgniter\CodeIgniter->run()
#4 {main}
CRITICAL - 2022-01-25 08:27:25 --> Class "App\Models\LoginModel" not found
#0 C:\xampp\htdocs\sistemkesehatantaruna\system\CodeIgniter.php(802): App\Controllers\Auth->__construct()
#1 C:\xampp\htdocs\sistemkesehatantaruna\system\CodeIgniter.php(403): CodeIgniter\CodeIgniter->createController()
#2 C:\xampp\htdocs\sistemkesehatantaruna\system\CodeIgniter.php(320): CodeIgniter\CodeIgniter->handleRequest(NULL, Object(Config\Cache), false)
#3 C:\xampp\htdocs\sistemkesehatantaruna\public\index.php(37): CodeIgniter\CodeIgniter->run()
#4 {main}
CRITICAL - 2022-01-25 08:27:25 --> Class "App\Models\LoginModel" not found
#0 C:\xampp\htdocs\sistemkesehatantaruna\system\CodeIgniter.php(802): App\Controllers\Auth->__construct()
#1 C:\xampp\htdocs\sistemkesehatantaruna\system\CodeIgniter.php(403): CodeIgniter\CodeIgniter->createController()
#2 C:\xampp\htdocs\sistemkesehatantaruna\system\CodeIgniter.php(320): CodeIgniter\CodeIgniter->handleRequest(NULL, Object(Config\Cache), false)
#3 C:\xampp\htdocs\sistemkesehatantaruna\public\index.php(37): CodeIgniter\CodeIgniter->run()
#4 {main}
CRITICAL - 2022-01-25 08:27:26 --> Class "App\Models\LoginModel" not found
#0 C:\xampp\htdocs\sistemkesehatantaruna\system\CodeIgniter.php(802): App\Controllers\Auth->__construct()
#1 C:\xampp\htdocs\sistemkesehatantaruna\system\CodeIgniter.php(403): CodeIgniter\CodeIgniter->createController()
#2 C:\xampp\htdocs\sistemkesehatantaruna\system\CodeIgniter.php(320): CodeIgniter\CodeIgniter->handleRequest(NULL, Object(Config\Cache), false)
#3 C:\xampp\htdocs\sistemkesehatantaruna\public\index.php(37): CodeIgniter\CodeIgniter->run()
#4 {main}
CRITICAL - 2022-01-25 08:27:26 --> Class "App\Models\LoginModel" not found
#0 C:\xampp\htdocs\sistemkesehatantaruna\system\CodeIgniter.php(802): App\Controllers\Auth->__construct()
#1 C:\xampp\htdocs\sistemkesehatantaruna\system\CodeIgniter.php(403): CodeIgniter\CodeIgniter->createController()
#2 C:\xampp\htdocs\sistemkesehatantaruna\system\CodeIgniter.php(320): CodeIgniter\CodeIgniter->handleRequest(NULL, Object(Config\Cache), false)
#3 C:\xampp\htdocs\sistemkesehatantaruna\public\index.php(37): CodeIgniter\CodeIgniter->run()
#4 {main}
CRITICAL - 2022-01-25 08:27:26 --> Class "App\Models\LoginModel" not found
#0 C:\xampp\htdocs\sistemkesehatantaruna\system\CodeIgniter.php(802): App\Controllers\Auth->__construct()
#1 C:\xampp\htdocs\sistemkesehatantaruna\system\CodeIgniter.php(403): CodeIgniter\CodeIgniter->createController()
#2 C:\xampp\htdocs\sistemkesehatantaruna\system\CodeIgniter.php(320): CodeIgniter\CodeIgniter->handleRequest(NULL, Object(Config\Cache), false)
#3 C:\xampp\htdocs\sistemkesehatantaruna\public\index.php(37): CodeIgniter\CodeIgniter->run()
#4 {main}
CRITICAL - 2022-01-25 08:27:27 --> Class "App\Models\LoginModel" not found
#0 C:\xampp\htdocs\sistemkesehatantaruna\system\CodeIgniter.php(802): App\Controllers\Auth->__construct()
#1 C:\xampp\htdocs\sistemkesehatantaruna\system\CodeIgniter.php(403): CodeIgniter\CodeIgniter->createController()
#2 C:\xampp\htdocs\sistemkesehatantaruna\system\CodeIgniter.php(320): CodeIgniter\CodeIgniter->handleRequest(NULL, Object(Config\Cache), false)
#3 C:\xampp\htdocs\sistemkesehatantaruna\public\index.php(37): CodeIgniter\CodeIgniter->run()
#4 {main}
CRITICAL - 2022-01-25 08:32:13 --> Class "App\Models\LoginModel" not found
#0 C:\xampp\htdocs\sistemkesehatantaruna\system\CodeIgniter.php(802): App\Controllers\Auth->__construct()
#1 C:\xampp\htdocs\sistemkesehatantaruna\system\CodeIgniter.php(403): CodeIgniter\CodeIgniter->createController()
#2 C:\xampp\htdocs\sistemkesehatantaruna\system\CodeIgniter.php(320): CodeIgniter\CodeIgniter->handleRequest(NULL, Object(Config\Cache), false)
#3 C:\xampp\htdocs\sistemkesehatantaruna\public\index.php(37): CodeIgniter\CodeIgniter->run()
#4 {main}
CRITICAL - 2022-01-25 08:35:37 --> Class "App\Models\Login" not found
#0 C:\xampp\htdocs\sistemkesehatantaruna\system\CodeIgniter.php(802): App\Controllers\Auth->__construct()
#1 C:\xampp\htdocs\sistemkesehatantaruna\system\CodeIgniter.php(403): CodeIgniter\CodeIgniter->createController()
#2 C:\xampp\htdocs\sistemkesehatantaruna\system\CodeIgniter.php(320): CodeIgniter\CodeIgniter->handleRequest(NULL, Object(Config\Cache), false)
#3 C:\xampp\htdocs\sistemkesehatantaruna\public\index.php(37): CodeIgniter\CodeIgniter->run()
#4 {main}
ERROR - 2022-01-25 08:41:54 --> Unknown column 'user_name' in 'where clause'
CRITICAL - 2022-01-25 08:41:54 --> Unknown column 'user_name' in 'where clause'
#0 C:\xampp\htdocs\sistemkesehatantaruna\system\Database\MySQLi\Connection.php(292): mysqli->query('SELECT COUNT(*)...', 0)
#1 C:\xampp\htdocs\sistemkesehatantaruna\system\Database\BaseConnection.php(670): CodeIgniter\Database\MySQLi\Connection->execute('SELECT COUNT(*)...')
#2 C:\xampp\htdocs\sistemkesehatantaruna\system\Database\BaseConnection.php(598): CodeIgniter\Database\BaseConnection->simpleQuery('SELECT COUNT(*)...')
#3 C:\xampp\htdocs\sistemkesehatantaruna\system\Database\BaseBuilder.php(1539): CodeIgniter\Database\BaseConnection->query('SELECT COUNT(*)...', Array, false)
#4 C:\xampp\htdocs\sistemkesehatantaruna\system\Model.php(509): CodeIgniter\Database\BaseBuilder->countAllResults(true)
#5 C:\xampp\htdocs\sistemkesehatantaruna\app\Controllers\Auth.php(29): CodeIgniter\Model->countAllResults()
#6 C:\xampp\htdocs\sistemkesehatantaruna\system\CodeIgniter.php(825): App\Controllers\Auth->login()
#7 C:\xampp\htdocs\sistemkesehatantaruna\system\CodeIgniter.php(412): CodeIgniter\CodeIgniter->runController(Object(App\Controllers\Auth))
#8 C:\xampp\htdocs\sistemkesehatantaruna\system\CodeIgniter.php(320): CodeIgniter\CodeIgniter->handleRequest(NULL, Object(Config\Cache), false)
#9 C:\xampp\htdocs\sistemkesehatantaruna\public\index.php(37): CodeIgniter\CodeIgniter->run()
#10 {main}
CRITICAL - 2022-01-25 08:58:46 --> Invalid file: success.php
#0 C:\xampp\htdocs\sistemkesehatantaruna\system\View\View.php(198): CodeIgniter\Exceptions\FrameworkException::forInvalidFile('success.php')
#1 C:\xampp\htdocs\sistemkesehatantaruna\system\Common.php(1089): CodeIgniter\View\View->render('success', Array, true)
#2 C:\xampp\htdocs\sistemkesehatantaruna\app\Controllers\Auth.php(34): view('success')
#3 C:\xampp\htdocs\sistemkesehatantaruna\system\CodeIgniter.php(825): App\Controllers\Auth->login()
#4 C:\xampp\htdocs\sistemkesehatantaruna\system\CodeIgniter.php(412): CodeIgniter\CodeIgniter->runController(Object(App\Controllers\Auth))
#5 C:\xampp\htdocs\sistemkesehatantaruna\system\CodeIgniter.php(320): CodeIgniter\CodeIgniter->handleRequest(NULL, Object(Config\Cache), false)
#6 C:\xampp\htdocs\sistemkesehatantaruna\public\index.php(37): CodeIgniter\CodeIgniter->run()
#7 {main}
