CRITICAL - 2022-02-09 00:21:30 --> Undefined property: App\Controllers\Penanganan::$input
#0 C:\xampp\htdocs\sistemkesehatantaruna\app\Controllers\Penanganan.php(25): CodeIgniter\Debug\Exceptions->errorHandler(2, 'Undefined prope...', 'C:\\xampp\\htdocs...', 25)
#1 C:\xampp\htdocs\sistemkesehatantaruna\system\CodeIgniter.php(825): App\Controllers\Penanganan->add_penanganan()
#2 C:\xampp\htdocs\sistemkesehatantaruna\system\CodeIgniter.php(412): CodeIgniter\CodeIgniter->runController(Object(App\Controllers\Penanganan))
#3 C:\xampp\htdocs\sistemkesehatantaruna\system\CodeIgniter.php(320): CodeIgniter\CodeIgniter->handleRequest(NULL, Object(Config\Cache), false)
#4 C:\xampp\htdocs\sistemkesehatantaruna\public\index.php(37): CodeIgniter\CodeIgniter->run()
#5 {main}
CRITICAL - 2022-02-09 01:53:32 --> count(): Argument #1 ($value) must be of type Countable|array, string given
#0 C:\xampp\htdocs\sistemkesehatantaruna\app\Controllers\Penanganan.php(43): count('')
#1 C:\xampp\htdocs\sistemkesehatantaruna\system\CodeIgniter.php(825): App\Controllers\Penanganan->add_penanganan()
#2 C:\xampp\htdocs\sistemkesehatantaruna\system\CodeIgniter.php(412): CodeIgniter\CodeIgniter->runController(Object(App\Controllers\Penanganan))
#3 C:\xampp\htdocs\sistemkesehatantaruna\system\CodeIgniter.php(320): CodeIgniter\CodeIgniter->handleRequest(NULL, Object(Config\Cache), false)
#4 C:\xampp\htdocs\sistemkesehatantaruna\public\index.php(37): CodeIgniter\CodeIgniter->run()
#5 {main}
CRITICAL - 2022-02-09 01:53:52 --> sizeof(): Argument #1 ($value) must be of type Countable|array, string given
#0 C:\xampp\htdocs\sistemkesehatantaruna\app\Controllers\Penanganan.php(43): sizeof('')
#1 C:\xampp\htdocs\sistemkesehatantaruna\system\CodeIgniter.php(825): App\Controllers\Penanganan->add_penanganan()
#2 C:\xampp\htdocs\sistemkesehatantaruna\system\CodeIgniter.php(412): CodeIgniter\CodeIgniter->runController(Object(App\Controllers\Penanganan))
#3 C:\xampp\htdocs\sistemkesehatantaruna\system\CodeIgniter.php(320): CodeIgniter\CodeIgniter->handleRequest(NULL, Object(Config\Cache), false)
#4 C:\xampp\htdocs\sistemkesehatantaruna\public\index.php(37): CodeIgniter\CodeIgniter->run()
#5 {main}
CRITICAL - 2022-02-09 02:02:56 --> Undefined constant "App\Controllers\c"
#0 C:\xampp\htdocs\sistemkesehatantaruna\system\CodeIgniter.php(825): App\Controllers\Penanganan->add_penanganan()
#1 C:\xampp\htdocs\sistemkesehatantaruna\system\CodeIgniter.php(412): CodeIgniter\CodeIgniter->runController(Object(App\Controllers\Penanganan))
#2 C:\xampp\htdocs\sistemkesehatantaruna\system\CodeIgniter.php(320): CodeIgniter\CodeIgniter->handleRequest(NULL, Object(Config\Cache), false)
#3 C:\xampp\htdocs\sistemkesehatantaruna\public\index.php(37): CodeIgniter\CodeIgniter->run()
#4 {main}
