CRITICAL - 2022-01-27 08:50:48 --> Allowed fields must be specified for model: App\Models\KeluhanModel
#0 C:\xampp\htdocs\sistemkesehatantaruna\system\BaseModel.php(1138): CodeIgniter\Database\Exceptions\DataException::forInvalidAllowedFields('App\\Models\\Kelu...')
#1 C:\xampp\htdocs\sistemkesehatantaruna\system\BaseModel.php(713): CodeIgniter\BaseModel->doProtectFields(Array)
#2 C:\xampp\htdocs\sistemkesehatantaruna\system\Model.php(625): CodeIgniter\BaseModel->insert(Array, true)
#3 C:\xampp\htdocs\sistemkesehatantaruna\app\Models\KeluhanModel.php(11): CodeIgniter\Model->insert(Array)
#4 C:\xampp\htdocs\sistemkesehatantaruna\app\Controllers\Keluhan.php(32): App\Models\KeluhanModel->addKeluhan(Array)
#5 C:\xampp\htdocs\sistemkesehatantaruna\system\CodeIgniter.php(825): App\Controllers\Keluhan->add_keluhan()
#6 C:\xampp\htdocs\sistemkesehatantaruna\system\CodeIgniter.php(412): CodeIgniter\CodeIgniter->runController(Object(App\Controllers\Keluhan))
#7 C:\xampp\htdocs\sistemkesehatantaruna\system\CodeIgniter.php(320): CodeIgniter\CodeIgniter->handleRequest(NULL, Object(Config\Cache), false)
#8 C:\xampp\htdocs\sistemkesehatantaruna\public\index.php(37): CodeIgniter\CodeIgniter->run()
#9 {main}
CRITICAL - 2022-01-27 08:54:17 --> Allowed fields must be specified for model: App\Models\KeluhanModel
#0 C:\xampp\htdocs\sistemkesehatantaruna\system\BaseModel.php(1138): CodeIgniter\Database\Exceptions\DataException::forInvalidAllowedFields('App\\Models\\Kelu...')
#1 C:\xampp\htdocs\sistemkesehatantaruna\system\BaseModel.php(713): CodeIgniter\BaseModel->doProtectFields(Array)
#2 C:\xampp\htdocs\sistemkesehatantaruna\system\Model.php(625): CodeIgniter\BaseModel->insert(Array, true)
#3 C:\xampp\htdocs\sistemkesehatantaruna\app\Models\KeluhanModel.php(11): CodeIgniter\Model->insert(Array)
#4 C:\xampp\htdocs\sistemkesehatantaruna\app\Controllers\Keluhan.php(32): App\Models\KeluhanModel->addKeluhan(Array)
#5 C:\xampp\htdocs\sistemkesehatantaruna\system\CodeIgniter.php(825): App\Controllers\Keluhan->add_keluhan()
#6 C:\xampp\htdocs\sistemkesehatantaruna\system\CodeIgniter.php(412): CodeIgniter\CodeIgniter->runController(Object(App\Controllers\Keluhan))
#7 C:\xampp\htdocs\sistemkesehatantaruna\system\CodeIgniter.php(320): CodeIgniter\CodeIgniter->handleRequest(NULL, Object(Config\Cache), false)
#8 C:\xampp\htdocs\sistemkesehatantaruna\public\index.php(37): CodeIgniter\CodeIgniter->run()
#9 {main}
CRITICAL - 2022-01-27 08:55:24 --> Allowed fields must be specified for model: App\Models\KeluhanModel
#0 C:\xampp\htdocs\sistemkesehatantaruna\system\BaseModel.php(1138): CodeIgniter\Database\Exceptions\DataException::forInvalidAllowedFields('App\\Models\\Kelu...')
#1 C:\xampp\htdocs\sistemkesehatantaruna\system\BaseModel.php(713): CodeIgniter\BaseModel->doProtectFields(Array)
#2 C:\xampp\htdocs\sistemkesehatantaruna\system\Model.php(625): CodeIgniter\BaseModel->insert(Array, true)
#3 C:\xampp\htdocs\sistemkesehatantaruna\app\Models\KeluhanModel.php(11): CodeIgniter\Model->insert(Array)
#4 C:\xampp\htdocs\sistemkesehatantaruna\app\Controllers\Keluhan.php(32): App\Models\KeluhanModel->addKeluhan(Array)
#5 C:\xampp\htdocs\sistemkesehatantaruna\system\CodeIgniter.php(825): App\Controllers\Keluhan->add_keluhan()
#6 C:\xampp\htdocs\sistemkesehatantaruna\system\CodeIgniter.php(412): CodeIgniter\CodeIgniter->runController(Object(App\Controllers\Keluhan))
#7 C:\xampp\htdocs\sistemkesehatantaruna\system\CodeIgniter.php(320): CodeIgniter\CodeIgniter->handleRequest(NULL, Object(Config\Cache), false)
#8 C:\xampp\htdocs\sistemkesehatantaruna\public\index.php(37): CodeIgniter\CodeIgniter->run()
#9 {main}
CRITICAL - 2022-01-27 08:55:40 --> Allowed fields must be specified for model: App\Models\KeluhanModel
#0 C:\xampp\htdocs\sistemkesehatantaruna\system\BaseModel.php(1138): CodeIgniter\Database\Exceptions\DataException::forInvalidAllowedFields('App\\Models\\Kelu...')
#1 C:\xampp\htdocs\sistemkesehatantaruna\system\BaseModel.php(713): CodeIgniter\BaseModel->doProtectFields(Array)
#2 C:\xampp\htdocs\sistemkesehatantaruna\system\Model.php(625): CodeIgniter\BaseModel->insert(Array, true)
#3 C:\xampp\htdocs\sistemkesehatantaruna\app\Models\KeluhanModel.php(11): CodeIgniter\Model->insert(Array)
#4 C:\xampp\htdocs\sistemkesehatantaruna\app\Controllers\Keluhan.php(32): App\Models\KeluhanModel->addKeluhan(Array)
#5 C:\xampp\htdocs\sistemkesehatantaruna\system\CodeIgniter.php(825): App\Controllers\Keluhan->add_keluhan()
#6 C:\xampp\htdocs\sistemkesehatantaruna\system\CodeIgniter.php(412): CodeIgniter\CodeIgniter->runController(Object(App\Controllers\Keluhan))
#7 C:\xampp\htdocs\sistemkesehatantaruna\system\CodeIgniter.php(320): CodeIgniter\CodeIgniter->handleRequest(NULL, Object(Config\Cache), false)
#8 C:\xampp\htdocs\sistemkesehatantaruna\public\index.php(37): CodeIgniter\CodeIgniter->run()
#9 {main}
CRITICAL - 2022-01-27 08:57:01 --> Allowed fields must be specified for model: App\Models\KeluhanModel
#0 C:\xampp\htdocs\sistemkesehatantaruna\system\BaseModel.php(1138): CodeIgniter\Database\Exceptions\DataException::forInvalidAllowedFields('App\\Models\\Kelu...')
#1 C:\xampp\htdocs\sistemkesehatantaruna\system\BaseModel.php(713): CodeIgniter\BaseModel->doProtectFields(Array)
#2 C:\xampp\htdocs\sistemkesehatantaruna\system\Model.php(625): CodeIgniter\BaseModel->insert(Array, true)
#3 C:\xampp\htdocs\sistemkesehatantaruna\app\Models\KeluhanModel.php(11): CodeIgniter\Model->insert(Array)
#4 C:\xampp\htdocs\sistemkesehatantaruna\app\Controllers\Keluhan.php(34): App\Models\KeluhanModel->addKeluhan(Array)
#5 C:\xampp\htdocs\sistemkesehatantaruna\system\CodeIgniter.php(825): App\Controllers\Keluhan->add_keluhan()
#6 C:\xampp\htdocs\sistemkesehatantaruna\system\CodeIgniter.php(412): CodeIgniter\CodeIgniter->runController(Object(App\Controllers\Keluhan))
#7 C:\xampp\htdocs\sistemkesehatantaruna\system\CodeIgniter.php(320): CodeIgniter\CodeIgniter->handleRequest(NULL, Object(Config\Cache), false)
#8 C:\xampp\htdocs\sistemkesehatantaruna\public\index.php(37): CodeIgniter\CodeIgniter->run()
#9 {main}
CRITICAL - 2022-01-27 08:58:20 --> Allowed fields must be specified for model: App\Models\KeluhanModel
#0 C:\xampp\htdocs\sistemkesehatantaruna\system\BaseModel.php(1138): CodeIgniter\Database\Exceptions\DataException::forInvalidAllowedFields('App\\Models\\Kelu...')
#1 C:\xampp\htdocs\sistemkesehatantaruna\system\BaseModel.php(713): CodeIgniter\BaseModel->doProtectFields(Array)
#2 C:\xampp\htdocs\sistemkesehatantaruna\system\Model.php(625): CodeIgniter\BaseModel->insert(Array, true)
#3 C:\xampp\htdocs\sistemkesehatantaruna\app\Controllers\Keluhan.php(32): CodeIgniter\Model->insert(Array)
#4 C:\xampp\htdocs\sistemkesehatantaruna\system\CodeIgniter.php(825): App\Controllers\Keluhan->add_keluhan()
#5 C:\xampp\htdocs\sistemkesehatantaruna\system\CodeIgniter.php(412): CodeIgniter\CodeIgniter->runController(Object(App\Controllers\Keluhan))
#6 C:\xampp\htdocs\sistemkesehatantaruna\system\CodeIgniter.php(320): CodeIgniter\CodeIgniter->handleRequest(NULL, Object(Config\Cache), false)
#7 C:\xampp\htdocs\sistemkesehatantaruna\public\index.php(37): CodeIgniter\CodeIgniter->run()
#8 {main}
CRITICAL - 2022-01-27 08:58:37 --> Allowed fields must be specified for model: App\Models\KeluhanModel
#0 C:\xampp\htdocs\sistemkesehatantaruna\system\BaseModel.php(1138): CodeIgniter\Database\Exceptions\DataException::forInvalidAllowedFields('App\\Models\\Kelu...')
#1 C:\xampp\htdocs\sistemkesehatantaruna\system\BaseModel.php(713): CodeIgniter\BaseModel->doProtectFields(Array)
#2 C:\xampp\htdocs\sistemkesehatantaruna\system\Model.php(625): CodeIgniter\BaseModel->insert(Array, true)
#3 C:\xampp\htdocs\sistemkesehatantaruna\app\Controllers\Keluhan.php(32): CodeIgniter\Model->insert(Array)
#4 C:\xampp\htdocs\sistemkesehatantaruna\system\CodeIgniter.php(825): App\Controllers\Keluhan->add_keluhan()
#5 C:\xampp\htdocs\sistemkesehatantaruna\system\CodeIgniter.php(412): CodeIgniter\CodeIgniter->runController(Object(App\Controllers\Keluhan))
#6 C:\xampp\htdocs\sistemkesehatantaruna\system\CodeIgniter.php(320): CodeIgniter\CodeIgniter->handleRequest(NULL, Object(Config\Cache), false)
#7 C:\xampp\htdocs\sistemkesehatantaruna\public\index.php(37): CodeIgniter\CodeIgniter->run()
#8 {main}
CRITICAL - 2022-01-27 08:58:51 --> Allowed fields must be specified for model: App\Models\KeluhanModel
#0 C:\xampp\htdocs\sistemkesehatantaruna\system\BaseModel.php(1138): CodeIgniter\Database\Exceptions\DataException::forInvalidAllowedFields('App\\Models\\Kelu...')
#1 C:\xampp\htdocs\sistemkesehatantaruna\system\BaseModel.php(713): CodeIgniter\BaseModel->doProtectFields(Array)
#2 C:\xampp\htdocs\sistemkesehatantaruna\system\Model.php(625): CodeIgniter\BaseModel->insert(Array, true)
#3 C:\xampp\htdocs\sistemkesehatantaruna\app\Controllers\Keluhan.php(32): CodeIgniter\Model->insert(Array)
#4 C:\xampp\htdocs\sistemkesehatantaruna\system\CodeIgniter.php(825): App\Controllers\Keluhan->add_keluhan()
#5 C:\xampp\htdocs\sistemkesehatantaruna\system\CodeIgniter.php(412): CodeIgniter\CodeIgniter->runController(Object(App\Controllers\Keluhan))
#6 C:\xampp\htdocs\sistemkesehatantaruna\system\CodeIgniter.php(320): CodeIgniter\CodeIgniter->handleRequest(NULL, Object(Config\Cache), false)
#7 C:\xampp\htdocs\sistemkesehatantaruna\public\index.php(37): CodeIgniter\CodeIgniter->run()
#8 {main}
CRITICAL - 2022-01-27 08:59:11 --> Allowed fields must be specified for model: App\Models\KeluhanModel
#0 C:\xampp\htdocs\sistemkesehatantaruna\system\BaseModel.php(1138): CodeIgniter\Database\Exceptions\DataException::forInvalidAllowedFields('App\\Models\\Kelu...')
#1 C:\xampp\htdocs\sistemkesehatantaruna\system\BaseModel.php(713): CodeIgniter\BaseModel->doProtectFields(Array)
#2 C:\xampp\htdocs\sistemkesehatantaruna\system\Model.php(625): CodeIgniter\BaseModel->insert(Array, true)
#3 C:\xampp\htdocs\sistemkesehatantaruna\app\Controllers\Keluhan.php(32): CodeIgniter\Model->insert(Array)
#4 C:\xampp\htdocs\sistemkesehatantaruna\system\CodeIgniter.php(825): App\Controllers\Keluhan->add_keluhan()
#5 C:\xampp\htdocs\sistemkesehatantaruna\system\CodeIgniter.php(412): CodeIgniter\CodeIgniter->runController(Object(App\Controllers\Keluhan))
#6 C:\xampp\htdocs\sistemkesehatantaruna\system\CodeIgniter.php(320): CodeIgniter\CodeIgniter->handleRequest(NULL, Object(Config\Cache), false)
#7 C:\xampp\htdocs\sistemkesehatantaruna\public\index.php(37): CodeIgniter\CodeIgniter->run()
#8 {main}
CRITICAL - 2022-01-27 08:59:36 --> Allowed fields must be specified for model: App\Models\KeluhanModel
#0 C:\xampp\htdocs\sistemkesehatantaruna\system\BaseModel.php(1138): CodeIgniter\Database\Exceptions\DataException::forInvalidAllowedFields('App\\Models\\Kelu...')
#1 C:\xampp\htdocs\sistemkesehatantaruna\system\BaseModel.php(713): CodeIgniter\BaseModel->doProtectFields(Array)
#2 C:\xampp\htdocs\sistemkesehatantaruna\system\Model.php(625): CodeIgniter\BaseModel->insert(Array, true)
#3 C:\xampp\htdocs\sistemkesehatantaruna\app\Controllers\Keluhan.php(32): CodeIgniter\Model->insert(Array)
#4 C:\xampp\htdocs\sistemkesehatantaruna\system\CodeIgniter.php(825): App\Controllers\Keluhan->add_keluhan()
#5 C:\xampp\htdocs\sistemkesehatantaruna\system\CodeIgniter.php(412): CodeIgniter\CodeIgniter->runController(Object(App\Controllers\Keluhan))
#6 C:\xampp\htdocs\sistemkesehatantaruna\system\CodeIgniter.php(320): CodeIgniter\CodeIgniter->handleRequest(NULL, Object(Config\Cache), false)
#7 C:\xampp\htdocs\sistemkesehatantaruna\public\index.php(37): CodeIgniter\CodeIgniter->run()
#8 {main}
CRITICAL - 2022-01-27 08:59:46 --> Class "App\Models\KeluhanModel" not found
#0 C:\xampp\htdocs\sistemkesehatantaruna\system\CodeIgniter.php(802): App\Controllers\Keluhan->__construct()
#1 C:\xampp\htdocs\sistemkesehatantaruna\system\CodeIgniter.php(403): CodeIgniter\CodeIgniter->createController()
#2 C:\xampp\htdocs\sistemkesehatantaruna\system\CodeIgniter.php(320): CodeIgniter\CodeIgniter->handleRequest(NULL, Object(Config\Cache), false)
#3 C:\xampp\htdocs\sistemkesehatantaruna\public\index.php(37): CodeIgniter\CodeIgniter->run()
#4 {main}
CRITICAL - 2022-01-27 09:00:16 --> Allowed fields must be specified for model: App\Models\KeluhansModel
#0 C:\xampp\htdocs\sistemkesehatantaruna\system\BaseModel.php(1138): CodeIgniter\Database\Exceptions\DataException::forInvalidAllowedFields('App\\Models\\Kelu...')
#1 C:\xampp\htdocs\sistemkesehatantaruna\system\BaseModel.php(713): CodeIgniter\BaseModel->doProtectFields(Array)
#2 C:\xampp\htdocs\sistemkesehatantaruna\system\Model.php(625): CodeIgniter\BaseModel->insert(Array, true)
#3 C:\xampp\htdocs\sistemkesehatantaruna\app\Controllers\Keluhan.php(32): CodeIgniter\Model->insert(Array)
#4 C:\xampp\htdocs\sistemkesehatantaruna\system\CodeIgniter.php(825): App\Controllers\Keluhan->add_keluhan()
#5 C:\xampp\htdocs\sistemkesehatantaruna\system\CodeIgniter.php(412): CodeIgniter\CodeIgniter->runController(Object(App\Controllers\Keluhan))
#6 C:\xampp\htdocs\sistemkesehatantaruna\system\CodeIgniter.php(320): CodeIgniter\CodeIgniter->handleRequest(NULL, Object(Config\Cache), false)
#7 C:\xampp\htdocs\sistemkesehatantaruna\public\index.php(37): CodeIgniter\CodeIgniter->run()
#8 {main}
CRITICAL - 2022-01-27 09:05:10 --> Allowed fields must be specified for model: App\Models\KeluhanModel
#0 C:\xampp\htdocs\sistemkesehatantaruna\system\BaseModel.php(1138): CodeIgniter\Database\Exceptions\DataException::forInvalidAllowedFields('App\\Models\\Kelu...')
#1 C:\xampp\htdocs\sistemkesehatantaruna\system\BaseModel.php(713): CodeIgniter\BaseModel->doProtectFields(Array)
#2 C:\xampp\htdocs\sistemkesehatantaruna\system\Model.php(625): CodeIgniter\BaseModel->insert(Array, true)
#3 C:\xampp\htdocs\sistemkesehatantaruna\app\Controllers\Keluhan.php(32): CodeIgniter\Model->insert(Array)
#4 C:\xampp\htdocs\sistemkesehatantaruna\system\CodeIgniter.php(825): App\Controllers\Keluhan->add_keluhan()
#5 C:\xampp\htdocs\sistemkesehatantaruna\system\CodeIgniter.php(412): CodeIgniter\CodeIgniter->runController(Object(App\Controllers\Keluhan))
#6 C:\xampp\htdocs\sistemkesehatantaruna\system\CodeIgniter.php(320): CodeIgniter\CodeIgniter->handleRequest(NULL, Object(Config\Cache), false)
#7 C:\xampp\htdocs\sistemkesehatantaruna\public\index.php(37): CodeIgniter\CodeIgniter->run()
#8 {main}
CRITICAL - 2022-01-27 09:05:31 --> Allowed fields must be specified for model: App\Models\KeluhanModel
#0 C:\xampp\htdocs\sistemkesehatantaruna\system\BaseModel.php(1138): CodeIgniter\Database\Exceptions\DataException::forInvalidAllowedFields('App\\Models\\Kelu...')
#1 C:\xampp\htdocs\sistemkesehatantaruna\system\BaseModel.php(713): CodeIgniter\BaseModel->doProtectFields(Array)
#2 C:\xampp\htdocs\sistemkesehatantaruna\system\Model.php(625): CodeIgniter\BaseModel->insert(Array, true)
#3 C:\xampp\htdocs\sistemkesehatantaruna\app\Controllers\Keluhan.php(32): CodeIgniter\Model->insert(Array)
#4 C:\xampp\htdocs\sistemkesehatantaruna\system\CodeIgniter.php(825): App\Controllers\Keluhan->add_keluhan()
#5 C:\xampp\htdocs\sistemkesehatantaruna\system\CodeIgniter.php(412): CodeIgniter\CodeIgniter->runController(Object(App\Controllers\Keluhan))
#6 C:\xampp\htdocs\sistemkesehatantaruna\system\CodeIgniter.php(320): CodeIgniter\CodeIgniter->handleRequest(NULL, Object(Config\Cache), false)
#7 C:\xampp\htdocs\sistemkesehatantaruna\public\index.php(37): CodeIgniter\CodeIgniter->run()
#8 {main}
CRITICAL - 2022-01-27 09:05:44 --> Allowed fields must be specified for model: App\Models\KeluhanModel
#0 C:\xampp\htdocs\sistemkesehatantaruna\system\BaseModel.php(1138): CodeIgniter\Database\Exceptions\DataException::forInvalidAllowedFields('App\\Models\\Kelu...')
#1 C:\xampp\htdocs\sistemkesehatantaruna\system\BaseModel.php(713): CodeIgniter\BaseModel->doProtectFields(Array)
#2 C:\xampp\htdocs\sistemkesehatantaruna\system\Model.php(625): CodeIgniter\BaseModel->insert(Array, true)
#3 C:\xampp\htdocs\sistemkesehatantaruna\app\Controllers\Keluhan.php(32): CodeIgniter\Model->insert(Array)
#4 C:\xampp\htdocs\sistemkesehatantaruna\system\CodeIgniter.php(825): App\Controllers\Keluhan->add_keluhan()
#5 C:\xampp\htdocs\sistemkesehatantaruna\system\CodeIgniter.php(412): CodeIgniter\CodeIgniter->runController(Object(App\Controllers\Keluhan))
#6 C:\xampp\htdocs\sistemkesehatantaruna\system\CodeIgniter.php(320): CodeIgniter\CodeIgniter->handleRequest(NULL, Object(Config\Cache), false)
#7 C:\xampp\htdocs\sistemkesehatantaruna\public\index.php(37): CodeIgniter\CodeIgniter->run()
#8 {main}
CRITICAL - 2022-01-27 09:06:31 --> Allowed fields must be specified for model: App\Models\KeluhanModel
#0 C:\xampp\htdocs\sistemkesehatantaruna\system\BaseModel.php(1138): CodeIgniter\Database\Exceptions\DataException::forInvalidAllowedFields('App\\Models\\Kelu...')
#1 C:\xampp\htdocs\sistemkesehatantaruna\system\BaseModel.php(713): CodeIgniter\BaseModel->doProtectFields(Array)
#2 C:\xampp\htdocs\sistemkesehatantaruna\system\Model.php(625): CodeIgniter\BaseModel->insert(Array, true)
#3 C:\xampp\htdocs\sistemkesehatantaruna\app\Controllers\Keluhan.php(31): CodeIgniter\Model->insert(Array)
#4 C:\xampp\htdocs\sistemkesehatantaruna\system\CodeIgniter.php(825): App\Controllers\Keluhan->add_keluhan()
#5 C:\xampp\htdocs\sistemkesehatantaruna\system\CodeIgniter.php(412): CodeIgniter\CodeIgniter->runController(Object(App\Controllers\Keluhan))
#6 C:\xampp\htdocs\sistemkesehatantaruna\system\CodeIgniter.php(320): CodeIgniter\CodeIgniter->handleRequest(NULL, Object(Config\Cache), false)
#7 C:\xampp\htdocs\sistemkesehatantaruna\public\index.php(37): CodeIgniter\CodeIgniter->run()
#8 {main}
CRITICAL - 2022-01-27 09:08:33 --> Allowed fields must be specified for model: App\Models\KeluhanModel
#0 C:\xampp\htdocs\sistemkesehatantaruna\system\BaseModel.php(1138): CodeIgniter\Database\Exceptions\DataException::forInvalidAllowedFields('App\\Models\\Kelu...')
#1 C:\xampp\htdocs\sistemkesehatantaruna\system\BaseModel.php(713): CodeIgniter\BaseModel->doProtectFields(Array)
#2 C:\xampp\htdocs\sistemkesehatantaruna\system\Model.php(625): CodeIgniter\BaseModel->insert(Array, true)
#3 C:\xampp\htdocs\sistemkesehatantaruna\app\Controllers\Keluhan.php(31): CodeIgniter\Model->insert(Array)
#4 C:\xampp\htdocs\sistemkesehatantaruna\system\CodeIgniter.php(825): App\Controllers\Keluhan->add_keluhan()
#5 C:\xampp\htdocs\sistemkesehatantaruna\system\CodeIgniter.php(412): CodeIgniter\CodeIgniter->runController(Object(App\Controllers\Keluhan))
#6 C:\xampp\htdocs\sistemkesehatantaruna\system\CodeIgniter.php(320): CodeIgniter\CodeIgniter->handleRequest(NULL, Object(Config\Cache), false)
#7 C:\xampp\htdocs\sistemkesehatantaruna\public\index.php(37): CodeIgniter\CodeIgniter->run()
#8 {main}
CRITICAL - 2022-01-27 09:08:45 --> Allowed fields must be specified for model: App\Models\KeluhanModel
#0 C:\xampp\htdocs\sistemkesehatantaruna\system\BaseModel.php(1138): CodeIgniter\Database\Exceptions\DataException::forInvalidAllowedFields('App\\Models\\Kelu...')
#1 C:\xampp\htdocs\sistemkesehatantaruna\system\BaseModel.php(713): CodeIgniter\BaseModel->doProtectFields(Array)
#2 C:\xampp\htdocs\sistemkesehatantaruna\system\Model.php(625): CodeIgniter\BaseModel->insert(Array, true)
#3 C:\xampp\htdocs\sistemkesehatantaruna\app\Controllers\Keluhan.php(31): CodeIgniter\Model->insert(Array)
#4 C:\xampp\htdocs\sistemkesehatantaruna\system\CodeIgniter.php(825): App\Controllers\Keluhan->add_keluhan()
#5 C:\xampp\htdocs\sistemkesehatantaruna\system\CodeIgniter.php(412): CodeIgniter\CodeIgniter->runController(Object(App\Controllers\Keluhan))
#6 C:\xampp\htdocs\sistemkesehatantaruna\system\CodeIgniter.php(320): CodeIgniter\CodeIgniter->handleRequest(NULL, Object(Config\Cache), false)
#7 C:\xampp\htdocs\sistemkesehatantaruna\public\index.php(37): CodeIgniter\CodeIgniter->run()
#8 {main}
CRITICAL - 2022-01-27 09:08:51 --> Allowed fields must be specified for model: App\Models\KeluhanModel
#0 C:\xampp\htdocs\sistemkesehatantaruna\system\BaseModel.php(1138): CodeIgniter\Database\Exceptions\DataException::forInvalidAllowedFields('App\\Models\\Kelu...')
#1 C:\xampp\htdocs\sistemkesehatantaruna\system\BaseModel.php(713): CodeIgniter\BaseModel->doProtectFields(Array)
#2 C:\xampp\htdocs\sistemkesehatantaruna\system\Model.php(625): CodeIgniter\BaseModel->insert(Array, true)
#3 C:\xampp\htdocs\sistemkesehatantaruna\app\Controllers\Keluhan.php(31): CodeIgniter\Model->insert(Array)
#4 C:\xampp\htdocs\sistemkesehatantaruna\system\CodeIgniter.php(825): App\Controllers\Keluhan->add_keluhan()
#5 C:\xampp\htdocs\sistemkesehatantaruna\system\CodeIgniter.php(412): CodeIgniter\CodeIgniter->runController(Object(App\Controllers\Keluhan))
#6 C:\xampp\htdocs\sistemkesehatantaruna\system\CodeIgniter.php(320): CodeIgniter\CodeIgniter->handleRequest(NULL, Object(Config\Cache), false)
#7 C:\xampp\htdocs\sistemkesehatantaruna\public\index.php(37): CodeIgniter\CodeIgniter->run()
#8 {main}
CRITICAL - 2022-01-27 09:10:53 --> Allowed fields must be specified for model: App\Models\KeluhanModel
#0 C:\xampp\htdocs\sistemkesehatantaruna\system\BaseModel.php(1138): CodeIgniter\Database\Exceptions\DataException::forInvalidAllowedFields('App\\Models\\Kelu...')
#1 C:\xampp\htdocs\sistemkesehatantaruna\system\BaseModel.php(713): CodeIgniter\BaseModel->doProtectFields(Array)
#2 C:\xampp\htdocs\sistemkesehatantaruna\system\Model.php(625): CodeIgniter\BaseModel->insert(Array, true)
#3 C:\xampp\htdocs\sistemkesehatantaruna\app\Controllers\Keluhan.php(31): CodeIgniter\Model->insert(Array)
#4 C:\xampp\htdocs\sistemkesehatantaruna\system\CodeIgniter.php(825): App\Controllers\Keluhan->add_keluhan()
#5 C:\xampp\htdocs\sistemkesehatantaruna\system\CodeIgniter.php(412): CodeIgniter\CodeIgniter->runController(Object(App\Controllers\Keluhan))
#6 C:\xampp\htdocs\sistemkesehatantaruna\system\CodeIgniter.php(320): CodeIgniter\CodeIgniter->handleRequest(NULL, Object(Config\Cache), false)
#7 C:\xampp\htdocs\sistemkesehatantaruna\public\index.php(37): CodeIgniter\CodeIgniter->run()
#8 {main}
CRITICAL - 2022-01-27 09:10:58 --> Class "App\Models\KeluhanModel" not found
#0 C:\xampp\htdocs\sistemkesehatantaruna\system\CodeIgniter.php(802): App\Controllers\Keluhan->__construct()
#1 C:\xampp\htdocs\sistemkesehatantaruna\system\CodeIgniter.php(403): CodeIgniter\CodeIgniter->createController()
#2 C:\xampp\htdocs\sistemkesehatantaruna\system\CodeIgniter.php(320): CodeIgniter\CodeIgniter->handleRequest(NULL, Object(Config\Cache), false)
#3 C:\xampp\htdocs\sistemkesehatantaruna\public\index.php(37): CodeIgniter\CodeIgniter->run()
#4 {main}
CRITICAL - 2022-01-27 09:11:05 --> Allowed fields must be specified for model: App\Models\KeluhanModel
#0 C:\xampp\htdocs\sistemkesehatantaruna\system\BaseModel.php(1138): CodeIgniter\Database\Exceptions\DataException::forInvalidAllowedFields('App\\Models\\Kelu...')
#1 C:\xampp\htdocs\sistemkesehatantaruna\system\BaseModel.php(713): CodeIgniter\BaseModel->doProtectFields(Array)
#2 C:\xampp\htdocs\sistemkesehatantaruna\system\Model.php(625): CodeIgniter\BaseModel->insert(Array, true)
#3 C:\xampp\htdocs\sistemkesehatantaruna\app\Controllers\Keluhan.php(31): CodeIgniter\Model->insert(Array)
#4 C:\xampp\htdocs\sistemkesehatantaruna\system\CodeIgniter.php(825): App\Controllers\Keluhan->add_keluhan()
#5 C:\xampp\htdocs\sistemkesehatantaruna\system\CodeIgniter.php(412): CodeIgniter\CodeIgniter->runController(Object(App\Controllers\Keluhan))
#6 C:\xampp\htdocs\sistemkesehatantaruna\system\CodeIgniter.php(320): CodeIgniter\CodeIgniter->handleRequest(NULL, Object(Config\Cache), false)
#7 C:\xampp\htdocs\sistemkesehatantaruna\public\index.php(37): CodeIgniter\CodeIgniter->run()
#8 {main}
CRITICAL - 2022-01-27 09:13:06 --> Allowed fields must be specified for model: App\Models\KeluhanModel
#0 C:\xampp\htdocs\sistemkesehatantaruna\system\BaseModel.php(1138): CodeIgniter\Database\Exceptions\DataException::forInvalidAllowedFields('App\\Models\\Kelu...')
#1 C:\xampp\htdocs\sistemkesehatantaruna\system\BaseModel.php(713): CodeIgniter\BaseModel->doProtectFields(Array)
#2 C:\xampp\htdocs\sistemkesehatantaruna\system\Model.php(625): CodeIgniter\BaseModel->insert(Array, true)
#3 C:\xampp\htdocs\sistemkesehatantaruna\app\Controllers\Keluhan.php(31): CodeIgniter\Model->insert(Array)
#4 C:\xampp\htdocs\sistemkesehatantaruna\system\CodeIgniter.php(825): App\Controllers\Keluhan->add_keluhan()
#5 C:\xampp\htdocs\sistemkesehatantaruna\system\CodeIgniter.php(412): CodeIgniter\CodeIgniter->runController(Object(App\Controllers\Keluhan))
#6 C:\xampp\htdocs\sistemkesehatantaruna\system\CodeIgniter.php(320): CodeIgniter\CodeIgniter->handleRequest(NULL, Object(Config\Cache), false)
#7 C:\xampp\htdocs\sistemkesehatantaruna\public\index.php(37): CodeIgniter\CodeIgniter->run()
#8 {main}
CRITICAL - 2022-01-27 09:14:01 --> Allowed fields must be specified for model: App\Models\KeluhanModel
#0 C:\xampp\htdocs\sistemkesehatantaruna\system\BaseModel.php(1138): CodeIgniter\Database\Exceptions\DataException::forInvalidAllowedFields('App\\Models\\Kelu...')
#1 C:\xampp\htdocs\sistemkesehatantaruna\system\BaseModel.php(713): CodeIgniter\BaseModel->doProtectFields(Array)
#2 C:\xampp\htdocs\sistemkesehatantaruna\system\Model.php(625): CodeIgniter\BaseModel->insert(Array, true)
#3 C:\xampp\htdocs\sistemkesehatantaruna\app\Controllers\Keluhan.php(31): CodeIgniter\Model->insert(Array)
#4 C:\xampp\htdocs\sistemkesehatantaruna\system\CodeIgniter.php(825): App\Controllers\Keluhan->add_keluhan()
#5 C:\xampp\htdocs\sistemkesehatantaruna\system\CodeIgniter.php(412): CodeIgniter\CodeIgniter->runController(Object(App\Controllers\Keluhan))
#6 C:\xampp\htdocs\sistemkesehatantaruna\system\CodeIgniter.php(320): CodeIgniter\CodeIgniter->handleRequest(NULL, Object(Config\Cache), false)
#7 C:\xampp\htdocs\sistemkesehatantaruna\public\index.php(37): CodeIgniter\CodeIgniter->run()
#8 {main}
CRITICAL - 2022-01-27 09:17:01 --> Allowed fields must be specified for model: App\Models\KeluhanModel
#0 C:\xampp\htdocs\sistemkesehatantaruna\system\BaseModel.php(1138): CodeIgniter\Database\Exceptions\DataException::forInvalidAllowedFields('App\\Models\\Kelu...')
#1 C:\xampp\htdocs\sistemkesehatantaruna\system\BaseModel.php(713): CodeIgniter\BaseModel->doProtectFields(Array)
#2 C:\xampp\htdocs\sistemkesehatantaruna\system\Model.php(625): CodeIgniter\BaseModel->insert(Array, true)
#3 C:\xampp\htdocs\sistemkesehatantaruna\app\Controllers\Keluhan.php(31): CodeIgniter\Model->insert(Array)
#4 C:\xampp\htdocs\sistemkesehatantaruna\system\CodeIgniter.php(825): App\Controllers\Keluhan->add_keluhan()
#5 C:\xampp\htdocs\sistemkesehatantaruna\system\CodeIgniter.php(412): CodeIgniter\CodeIgniter->runController(Object(App\Controllers\Keluhan))
#6 C:\xampp\htdocs\sistemkesehatantaruna\system\CodeIgniter.php(320): CodeIgniter\CodeIgniter->handleRequest(NULL, Object(Config\Cache), false)
#7 C:\xampp\htdocs\sistemkesehatantaruna\public\index.php(37): CodeIgniter\CodeIgniter->run()
#8 {main}
CRITICAL - 2022-01-27 09:17:26 --> Allowed fields must be specified for model: App\Models\KeluhanModel
#0 C:\xampp\htdocs\sistemkesehatantaruna\system\BaseModel.php(1138): CodeIgniter\Database\Exceptions\DataException::forInvalidAllowedFields('App\\Models\\Kelu...')
#1 C:\xampp\htdocs\sistemkesehatantaruna\system\BaseModel.php(713): CodeIgniter\BaseModel->doProtectFields(Array)
#2 C:\xampp\htdocs\sistemkesehatantaruna\system\Model.php(625): CodeIgniter\BaseModel->insert(Array, true)
#3 C:\xampp\htdocs\sistemkesehatantaruna\app\Controllers\Keluhan.php(31): CodeIgniter\Model->insert(Array)
#4 C:\xampp\htdocs\sistemkesehatantaruna\system\CodeIgniter.php(825): App\Controllers\Keluhan->add_keluhan()
#5 C:\xampp\htdocs\sistemkesehatantaruna\system\CodeIgniter.php(412): CodeIgniter\CodeIgniter->runController(Object(App\Controllers\Keluhan))
#6 C:\xampp\htdocs\sistemkesehatantaruna\system\CodeIgniter.php(320): CodeIgniter\CodeIgniter->handleRequest(NULL, Object(Config\Cache), false)
#7 C:\xampp\htdocs\sistemkesehatantaruna\public\index.php(37): CodeIgniter\CodeIgniter->run()
#8 {main}
CRITICAL - 2022-01-27 09:18:25 --> Allowed fields must be specified for model: App\Models\KeluhanModel
#0 C:\xampp\htdocs\sistemkesehatantaruna\system\BaseModel.php(1138): CodeIgniter\Database\Exceptions\DataException::forInvalidAllowedFields('App\\Models\\Kelu...')
#1 C:\xampp\htdocs\sistemkesehatantaruna\system\BaseModel.php(713): CodeIgniter\BaseModel->doProtectFields(Array)
#2 C:\xampp\htdocs\sistemkesehatantaruna\system\Model.php(625): CodeIgniter\BaseModel->insert(Array, true)
#3 C:\xampp\htdocs\sistemkesehatantaruna\app\Controllers\Keluhan.php(31): CodeIgniter\Model->insert(Array)
#4 C:\xampp\htdocs\sistemkesehatantaruna\system\CodeIgniter.php(825): App\Controllers\Keluhan->add_keluhan()
#5 C:\xampp\htdocs\sistemkesehatantaruna\system\CodeIgniter.php(412): CodeIgniter\CodeIgniter->runController(Object(App\Controllers\Keluhan))
#6 C:\xampp\htdocs\sistemkesehatantaruna\system\CodeIgniter.php(320): CodeIgniter\CodeIgniter->handleRequest(NULL, Object(Config\Cache), false)
#7 C:\xampp\htdocs\sistemkesehatantaruna\public\index.php(37): CodeIgniter\CodeIgniter->run()
#8 {main}
