CRITICAL - 2022-02-04 00:32:08 --> Undefined variable $users
#0 C:\xampp\htdocs\sistemkesehatantaruna\app\Views\templates\navbar.php(20): CodeIgniter\Debug\Exceptions->errorHandler(2, 'Undefined varia...', 'C:\\xampp\\htdocs...', 20)
#1 C:\xampp\htdocs\sistemkesehatantaruna\system\View\View.php(210): include('C:\\xampp\\htdocs...')
#2 C:\xampp\htdocs\sistemkesehatantaruna\system\View\View.php(213): CodeIgniter\View\View->CodeIgniter\View\{closure}()
#3 C:\xampp\htdocs\sistemkesehatantaruna\system\Common.php(1089): CodeIgniter\View\View->render('templates/navba...', Array, true)
#4 C:\xampp\htdocs\sistemkesehatantaruna\app\Controllers\Home.php(56): view('templates/navba...')
#5 C:\xampp\htdocs\sistemkesehatantaruna\system\CodeIgniter.php(825): App\Controllers\Home->index()
#6 C:\xampp\htdocs\sistemkesehatantaruna\system\CodeIgniter.php(412): CodeIgniter\CodeIgniter->runController(Object(App\Controllers\Home))
#7 C:\xampp\htdocs\sistemkesehatantaruna\system\CodeIgniter.php(320): CodeIgniter\CodeIgniter->handleRequest(NULL, Object(Config\Cache), false)
#8 C:\xampp\htdocs\sistemkesehatantaruna\public\index.php(37): CodeIgniter\CodeIgniter->run()
#9 {main}
CRITICAL - 2022-02-04 00:50:50 --> Undefined property: App\Controllers\Keluhan::$usermodel
#0 C:\xampp\htdocs\sistemkesehatantaruna\app\Controllers\Keluhan.php(22): CodeIgniter\Debug\Exceptions->errorHandler(2, 'Undefined prope...', 'C:\\xampp\\htdocs...', 22)
#1 C:\xampp\htdocs\sistemkesehatantaruna\system\CodeIgniter.php(825): App\Controllers\Keluhan->index()
#2 C:\xampp\htdocs\sistemkesehatantaruna\system\CodeIgniter.php(412): CodeIgniter\CodeIgniter->runController(Object(App\Controllers\Keluhan))
#3 C:\xampp\htdocs\sistemkesehatantaruna\system\CodeIgniter.php(320): CodeIgniter\CodeIgniter->handleRequest(NULL, Object(Config\Cache), false)
#4 C:\xampp\htdocs\sistemkesehatantaruna\public\index.php(37): CodeIgniter\CodeIgniter->run()
#5 {main}
ERROR - 2022-02-04 03:04:39 --> Column 'id_kategori' cannot be null
CRITICAL - 2022-02-04 03:04:39 --> Column 'id_kategori' cannot be null
#0 C:\xampp\htdocs\sistemkesehatantaruna\system\Database\MySQLi\Connection.php(292): mysqli->query('INSERT INTO `ke...', 0)
#1 C:\xampp\htdocs\sistemkesehatantaruna\system\Database\BaseConnection.php(670): CodeIgniter\Database\MySQLi\Connection->execute('INSERT INTO `ke...')
#2 C:\xampp\htdocs\sistemkesehatantaruna\system\Database\BaseConnection.php(598): CodeIgniter\Database\BaseConnection->simpleQuery('INSERT INTO `ke...')
#3 C:\xampp\htdocs\sistemkesehatantaruna\system\Database\BaseBuilder.php(1771): CodeIgniter\Database\BaseConnection->query('INSERT INTO `ke...', Array, false)
#4 C:\xampp\htdocs\sistemkesehatantaruna\system\Model.php(239): CodeIgniter\Database\BaseBuilder->insert()
#5 C:\xampp\htdocs\sistemkesehatantaruna\system\BaseModel.php(738): CodeIgniter\Model->doInsert(Array)
#6 C:\xampp\htdocs\sistemkesehatantaruna\system\Model.php(625): CodeIgniter\BaseModel->insert(Array, true)
#7 C:\xampp\htdocs\sistemkesehatantaruna\app\Controllers\Keluhan.php(51): CodeIgniter\Model->insert(Array)
#8 C:\xampp\htdocs\sistemkesehatantaruna\system\CodeIgniter.php(825): App\Controllers\Keluhan->add_keluhan()
#9 C:\xampp\htdocs\sistemkesehatantaruna\system\CodeIgniter.php(412): CodeIgniter\CodeIgniter->runController(Object(App\Controllers\Keluhan))
#10 C:\xampp\htdocs\sistemkesehatantaruna\system\CodeIgniter.php(320): CodeIgniter\CodeIgniter->handleRequest(NULL, Object(Config\Cache), false)
#11 C:\xampp\htdocs\sistemkesehatantaruna\public\index.php(37): CodeIgniter\CodeIgniter->run()
#12 {main}
ERROR - 2022-02-04 03:05:25 --> Column 'id_kategori' cannot be null
CRITICAL - 2022-02-04 03:05:25 --> Column 'id_kategori' cannot be null
#0 C:\xampp\htdocs\sistemkesehatantaruna\system\Database\MySQLi\Connection.php(292): mysqli->query('INSERT INTO `ke...', 0)
#1 C:\xampp\htdocs\sistemkesehatantaruna\system\Database\BaseConnection.php(670): CodeIgniter\Database\MySQLi\Connection->execute('INSERT INTO `ke...')
#2 C:\xampp\htdocs\sistemkesehatantaruna\system\Database\BaseConnection.php(598): CodeIgniter\Database\BaseConnection->simpleQuery('INSERT INTO `ke...')
#3 C:\xampp\htdocs\sistemkesehatantaruna\system\Database\BaseBuilder.php(1771): CodeIgniter\Database\BaseConnection->query('INSERT INTO `ke...', Array, false)
#4 C:\xampp\htdocs\sistemkesehatantaruna\system\Model.php(239): CodeIgniter\Database\BaseBuilder->insert()
#5 C:\xampp\htdocs\sistemkesehatantaruna\system\BaseModel.php(738): CodeIgniter\Model->doInsert(Array)
#6 C:\xampp\htdocs\sistemkesehatantaruna\system\Model.php(625): CodeIgniter\BaseModel->insert(Array, true)
#7 C:\xampp\htdocs\sistemkesehatantaruna\app\Controllers\Keluhan.php(51): CodeIgniter\Model->insert(Array)
#8 C:\xampp\htdocs\sistemkesehatantaruna\system\CodeIgniter.php(825): App\Controllers\Keluhan->add_keluhan()
#9 C:\xampp\htdocs\sistemkesehatantaruna\system\CodeIgniter.php(412): CodeIgniter\CodeIgniter->runController(Object(App\Controllers\Keluhan))
#10 C:\xampp\htdocs\sistemkesehatantaruna\system\CodeIgniter.php(320): CodeIgniter\CodeIgniter->handleRequest(NULL, Object(Config\Cache), false)
#11 C:\xampp\htdocs\sistemkesehatantaruna\public\index.php(37): CodeIgniter\CodeIgniter->run()
#12 {main}
ERROR - 2022-02-04 03:05:42 --> Column 'id_kategori' cannot be null
CRITICAL - 2022-02-04 03:05:42 --> Column 'id_kategori' cannot be null
#0 C:\xampp\htdocs\sistemkesehatantaruna\system\Database\MySQLi\Connection.php(292): mysqli->query('INSERT INTO `ke...', 0)
#1 C:\xampp\htdocs\sistemkesehatantaruna\system\Database\BaseConnection.php(670): CodeIgniter\Database\MySQLi\Connection->execute('INSERT INTO `ke...')
#2 C:\xampp\htdocs\sistemkesehatantaruna\system\Database\BaseConnection.php(598): CodeIgniter\Database\BaseConnection->simpleQuery('INSERT INTO `ke...')
#3 C:\xampp\htdocs\sistemkesehatantaruna\system\Database\BaseBuilder.php(1771): CodeIgniter\Database\BaseConnection->query('INSERT INTO `ke...', Array, false)
#4 C:\xampp\htdocs\sistemkesehatantaruna\system\Model.php(239): CodeIgniter\Database\BaseBuilder->insert()
#5 C:\xampp\htdocs\sistemkesehatantaruna\system\BaseModel.php(738): CodeIgniter\Model->doInsert(Array)
#6 C:\xampp\htdocs\sistemkesehatantaruna\system\Model.php(625): CodeIgniter\BaseModel->insert(Array, true)
#7 C:\xampp\htdocs\sistemkesehatantaruna\app\Controllers\Keluhan.php(51): CodeIgniter\Model->insert(Array)
#8 C:\xampp\htdocs\sistemkesehatantaruna\system\CodeIgniter.php(825): App\Controllers\Keluhan->add_keluhan()
#9 C:\xampp\htdocs\sistemkesehatantaruna\system\CodeIgniter.php(412): CodeIgniter\CodeIgniter->runController(Object(App\Controllers\Keluhan))
#10 C:\xampp\htdocs\sistemkesehatantaruna\system\CodeIgniter.php(320): CodeIgniter\CodeIgniter->handleRequest(NULL, Object(Config\Cache), false)
#11 C:\xampp\htdocs\sistemkesehatantaruna\public\index.php(37): CodeIgniter\CodeIgniter->run()
#12 {main}
