CRITICAL - 2022-02-08 07:39:42 --> Undefined array key "npm"
#0 C:\xampp\htdocs\sistemkesehatantaruna\app\Controllers\Keluhan.php(101): CodeIgniter\Debug\Exceptions->errorHandler(2, 'Undefined array...', 'C:\\xampp\\htdocs...', 101)
#1 C:\xampp\htdocs\sistemkesehatantaruna\system\CodeIgniter.php(825): App\Controllers\Keluhan->modal_beri_penanganan('69')
#2 C:\xampp\htdocs\sistemkesehatantaruna\system\CodeIgniter.php(412): CodeIgniter\CodeIgniter->runController(Object(App\Controllers\Keluhan))
#3 C:\xampp\htdocs\sistemkesehatantaruna\system\CodeIgniter.php(320): CodeIgniter\CodeIgniter->handleRequest(NULL, Object(Config\Cache), false)
#4 C:\xampp\htdocs\sistemkesehatantaruna\public\index.php(37): CodeIgniter\CodeIgniter->run()
#5 {main}
CRITICAL - 2022-02-08 07:40:27 --> Undefined variable $getKeluhanUser
#0 C:\xampp\htdocs\sistemkesehatantaruna\app\Controllers\Keluhan.php(105): CodeIgniter\Debug\Exceptions->errorHandler(2, 'Undefined varia...', 'C:\\xampp\\htdocs...', 105)
#1 C:\xampp\htdocs\sistemkesehatantaruna\system\CodeIgniter.php(825): App\Controllers\Keluhan->modal_beri_penanganan('69')
#2 C:\xampp\htdocs\sistemkesehatantaruna\system\CodeIgniter.php(412): CodeIgniter\CodeIgniter->runController(Object(App\Controllers\Keluhan))
#3 C:\xampp\htdocs\sistemkesehatantaruna\system\CodeIgniter.php(320): CodeIgniter\CodeIgniter->handleRequest(NULL, Object(Config\Cache), false)
#4 C:\xampp\htdocs\sistemkesehatantaruna\public\index.php(37): CodeIgniter\CodeIgniter->run()
#5 {main}
CRITICAL - 2022-02-08 07:41:04 --> Undefined variable $getKeluhanUser
#0 C:\xampp\htdocs\sistemkesehatantaruna\app\Controllers\Keluhan.php(105): CodeIgniter\Debug\Exceptions->errorHandler(2, 'Undefined varia...', 'C:\\xampp\\htdocs...', 105)
#1 C:\xampp\htdocs\sistemkesehatantaruna\system\CodeIgniter.php(825): App\Controllers\Keluhan->modal_beri_penanganan('69')
#2 C:\xampp\htdocs\sistemkesehatantaruna\system\CodeIgniter.php(412): CodeIgniter\CodeIgniter->runController(Object(App\Controllers\Keluhan))
#3 C:\xampp\htdocs\sistemkesehatantaruna\system\CodeIgniter.php(320): CodeIgniter\CodeIgniter->handleRequest(NULL, Object(Config\Cache), false)
#4 C:\xampp\htdocs\sistemkesehatantaruna\public\index.php(37): CodeIgniter\CodeIgniter->run()
#5 {main}
CRITICAL - 2022-02-08 07:41:54 --> Undefined array key "npm"
#0 C:\xampp\htdocs\sistemkesehatantaruna\app\Controllers\Keluhan.php(101): CodeIgniter\Debug\Exceptions->errorHandler(2, 'Undefined array...', 'C:\\xampp\\htdocs...', 101)
#1 C:\xampp\htdocs\sistemkesehatantaruna\system\CodeIgniter.php(825): App\Controllers\Keluhan->modal_beri_penanganan('69')
#2 C:\xampp\htdocs\sistemkesehatantaruna\system\CodeIgniter.php(412): CodeIgniter\CodeIgniter->runController(Object(App\Controllers\Keluhan))
#3 C:\xampp\htdocs\sistemkesehatantaruna\system\CodeIgniter.php(320): CodeIgniter\CodeIgniter->handleRequest(NULL, Object(Config\Cache), false)
#4 C:\xampp\htdocs\sistemkesehatantaruna\public\index.php(37): CodeIgniter\CodeIgniter->run()
#5 {main}
CRITICAL - 2022-02-08 19:39:26 --> Attempt to read property "insert_id" on bool
#0 C:\xampp\htdocs\sistemkesehatantaruna\system\Database\MySQLi\Connection.php(565): CodeIgniter\Debug\Exceptions->errorHandler(2, 'Attempt to read...', 'C:\\xampp\\htdocs...', 565)
#1 C:\xampp\htdocs\sistemkesehatantaruna\system\Model.php(726): CodeIgniter\Database\MySQLi\Connection->insertID()
#2 C:\xampp\htdocs\sistemkesehatantaruna\app\Controllers\Penanganan.php(35): CodeIgniter\Model->__call('insertID', Array)
#3 C:\xampp\htdocs\sistemkesehatantaruna\system\CodeIgniter.php(825): App\Controllers\Penanganan->add_penanganan()
#4 C:\xampp\htdocs\sistemkesehatantaruna\system\CodeIgniter.php(412): CodeIgniter\CodeIgniter->runController(Object(App\Controllers\Penanganan))
#5 C:\xampp\htdocs\sistemkesehatantaruna\system\CodeIgniter.php(320): CodeIgniter\CodeIgniter->handleRequest(NULL, Object(Config\Cache), false)
#6 C:\xampp\htdocs\sistemkesehatantaruna\public\index.php(37): CodeIgniter\CodeIgniter->run()
#7 {main}
CRITICAL - 2022-02-08 19:40:10 --> Undefined variable $tambah
#0 C:\xampp\htdocs\sistemkesehatantaruna\app\Controllers\Penanganan.php(49): CodeIgniter\Debug\Exceptions->errorHandler(2, 'Undefined varia...', 'C:\\xampp\\htdocs...', 49)
#1 C:\xampp\htdocs\sistemkesehatantaruna\system\CodeIgniter.php(825): App\Controllers\Penanganan->add_penanganan()
#2 C:\xampp\htdocs\sistemkesehatantaruna\system\CodeIgniter.php(412): CodeIgniter\CodeIgniter->runController(Object(App\Controllers\Penanganan))
#3 C:\xampp\htdocs\sistemkesehatantaruna\system\CodeIgniter.php(320): CodeIgniter\CodeIgniter->handleRequest(NULL, Object(Config\Cache), false)
#4 C:\xampp\htdocs\sistemkesehatantaruna\public\index.php(37): CodeIgniter\CodeIgniter->run()
#5 {main}
CRITICAL - 2022-02-08 19:45:44 --> Undefined array key "keterangan_obat"
#0 C:\xampp\htdocs\sistemkesehatantaruna\app\Controllers\Penanganan.php(48): CodeIgniter\Debug\Exceptions->errorHandler(2, 'Undefined array...', 'C:\\xampp\\htdocs...', 48)
#1 C:\xampp\htdocs\sistemkesehatantaruna\system\CodeIgniter.php(825): App\Controllers\Penanganan->add_penanganan()
#2 C:\xampp\htdocs\sistemkesehatantaruna\system\CodeIgniter.php(412): CodeIgniter\CodeIgniter->runController(Object(App\Controllers\Penanganan))
#3 C:\xampp\htdocs\sistemkesehatantaruna\system\CodeIgniter.php(320): CodeIgniter\CodeIgniter->handleRequest(NULL, Object(Config\Cache), false)
#4 C:\xampp\htdocs\sistemkesehatantaruna\public\index.php(37): CodeIgniter\CodeIgniter->run()
#5 {main}
CRITICAL - 2022-02-08 19:56:33 --> There is no data to insert.
#0 C:\xampp\htdocs\sistemkesehatantaruna\system\BaseModel.php(718): CodeIgniter\Database\Exceptions\DataException::forEmptyDataset('insert')
#1 C:\xampp\htdocs\sistemkesehatantaruna\system\Model.php(625): CodeIgniter\BaseModel->insert(Array, true)
#2 C:\xampp\htdocs\sistemkesehatantaruna\app\Controllers\Penanganan.php(53): CodeIgniter\Model->insert(Array)
#3 C:\xampp\htdocs\sistemkesehatantaruna\system\CodeIgniter.php(825): App\Controllers\Penanganan->add_penanganan()
#4 C:\xampp\htdocs\sistemkesehatantaruna\system\CodeIgniter.php(412): CodeIgniter\CodeIgniter->runController(Object(App\Controllers\Penanganan))
#5 C:\xampp\htdocs\sistemkesehatantaruna\system\CodeIgniter.php(320): CodeIgniter\CodeIgniter->handleRequest(NULL, Object(Config\Cache), false)
#6 C:\xampp\htdocs\sistemkesehatantaruna\public\index.php(37): CodeIgniter\CodeIgniter->run()
#7 {main}
CRITICAL - 2022-02-08 19:57:20 --> There is no data to insert.
#0 C:\xampp\htdocs\sistemkesehatantaruna\system\BaseModel.php(718): CodeIgniter\Database\Exceptions\DataException::forEmptyDataset('insert')
#1 C:\xampp\htdocs\sistemkesehatantaruna\system\Model.php(625): CodeIgniter\BaseModel->insert(Array, true)
#2 C:\xampp\htdocs\sistemkesehatantaruna\app\Controllers\Penanganan.php(53): CodeIgniter\Model->insert(Array)
#3 C:\xampp\htdocs\sistemkesehatantaruna\system\CodeIgniter.php(825): App\Controllers\Penanganan->add_penanganan()
#4 C:\xampp\htdocs\sistemkesehatantaruna\system\CodeIgniter.php(412): CodeIgniter\CodeIgniter->runController(Object(App\Controllers\Penanganan))
#5 C:\xampp\htdocs\sistemkesehatantaruna\system\CodeIgniter.php(320): CodeIgniter\CodeIgniter->handleRequest(NULL, Object(Config\Cache), false)
#6 C:\xampp\htdocs\sistemkesehatantaruna\public\index.php(37): CodeIgniter\CodeIgniter->run()
#7 {main}
CRITICAL - 2022-02-08 20:00:02 --> Undefined variable $tambah_obat
#0 C:\xampp\htdocs\sistemkesehatantaruna\app\Controllers\Penanganan.php(54): CodeIgniter\Debug\Exceptions->errorHandler(2, 'Undefined varia...', 'C:\\xampp\\htdocs...', 54)
#1 C:\xampp\htdocs\sistemkesehatantaruna\system\CodeIgniter.php(825): App\Controllers\Penanganan->add_penanganan()
#2 C:\xampp\htdocs\sistemkesehatantaruna\system\CodeIgniter.php(412): CodeIgniter\CodeIgniter->runController(Object(App\Controllers\Penanganan))
#3 C:\xampp\htdocs\sistemkesehatantaruna\system\CodeIgniter.php(320): CodeIgniter\CodeIgniter->handleRequest(NULL, Object(Config\Cache), false)
#4 C:\xampp\htdocs\sistemkesehatantaruna\public\index.php(37): CodeIgniter\CodeIgniter->run()
#5 {main}
ERROR - 2022-02-08 20:03:25 --> Cannot add or update a child row: a foreign key constraint fails (`sistemkesehatantaruna`.`obat`, CONSTRAINT `obat_ibfk_1` FOREIGN KEY (`id_penanganan`) REFERENCES `penanganan` (`id_penanganan`) ON DELETE CASCADE ON UPDATE CASCADE)
CRITICAL - 2022-02-08 20:03:25 --> Cannot add or update a child row: a foreign key constraint fails (`sistemkesehatantaruna`.`obat`, CONSTRAINT `obat_ibfk_1` FOREIGN KEY (`id_penanganan`) REFERENCES `penanganan` (`id_penanganan`) ON DELETE CASCADE ON UPDATE CASCADE)
#0 C:\xampp\htdocs\sistemkesehatantaruna\system\Database\MySQLi\Connection.php(292): mysqli->query('INSERT INTO `ob...', 0)
#1 C:\xampp\htdocs\sistemkesehatantaruna\system\Database\BaseConnection.php(670): CodeIgniter\Database\MySQLi\Connection->execute('INSERT INTO `ob...')
#2 C:\xampp\htdocs\sistemkesehatantaruna\system\Database\BaseConnection.php(598): CodeIgniter\Database\BaseConnection->simpleQuery('INSERT INTO `ob...')
#3 C:\xampp\htdocs\sistemkesehatantaruna\system\Database\BaseBuilder.php(1771): CodeIgniter\Database\BaseConnection->query('INSERT INTO `ob...', Array, false)
#4 C:\xampp\htdocs\sistemkesehatantaruna\system\Model.php(239): CodeIgniter\Database\BaseBuilder->insert()
#5 C:\xampp\htdocs\sistemkesehatantaruna\system\BaseModel.php(738): CodeIgniter\Model->doInsert(Array)
#6 C:\xampp\htdocs\sistemkesehatantaruna\system\Model.php(625): CodeIgniter\BaseModel->insert(Array, true)
#7 C:\xampp\htdocs\sistemkesehatantaruna\app\Controllers\Penanganan.php(54): CodeIgniter\Model->insert(Array)
#8 C:\xampp\htdocs\sistemkesehatantaruna\system\CodeIgniter.php(825): App\Controllers\Penanganan->add_penanganan()
#9 C:\xampp\htdocs\sistemkesehatantaruna\system\CodeIgniter.php(412): CodeIgniter\CodeIgniter->runController(Object(App\Controllers\Penanganan))
#10 C:\xampp\htdocs\sistemkesehatantaruna\system\CodeIgniter.php(320): CodeIgniter\CodeIgniter->handleRequest(NULL, Object(Config\Cache), false)
#11 C:\xampp\htdocs\sistemkesehatantaruna\public\index.php(37): CodeIgniter\CodeIgniter->run()
#12 {main}
CRITICAL - 2022-02-08 20:03:33 --> There is no data to insert.
#0 C:\xampp\htdocs\sistemkesehatantaruna\system\BaseModel.php(718): CodeIgniter\Database\Exceptions\DataException::forEmptyDataset('insert')
#1 C:\xampp\htdocs\sistemkesehatantaruna\system\Model.php(625): CodeIgniter\BaseModel->insert(Array, true)
#2 C:\xampp\htdocs\sistemkesehatantaruna\app\Controllers\Penanganan.php(54): CodeIgniter\Model->insert(Array)
#3 C:\xampp\htdocs\sistemkesehatantaruna\system\CodeIgniter.php(825): App\Controllers\Penanganan->add_penanganan()
#4 C:\xampp\htdocs\sistemkesehatantaruna\system\CodeIgniter.php(412): CodeIgniter\CodeIgniter->runController(Object(App\Controllers\Penanganan))
#5 C:\xampp\htdocs\sistemkesehatantaruna\system\CodeIgniter.php(320): CodeIgniter\CodeIgniter->handleRequest(NULL, Object(Config\Cache), false)
#6 C:\xampp\htdocs\sistemkesehatantaruna\public\index.php(37): CodeIgniter\CodeIgniter->run()
#7 {main}
CRITICAL - 2022-02-08 20:03:33 --> There is no data to insert.
#0 C:\xampp\htdocs\sistemkesehatantaruna\system\BaseModel.php(718): CodeIgniter\Database\Exceptions\DataException::forEmptyDataset('insert')
#1 C:\xampp\htdocs\sistemkesehatantaruna\system\Model.php(625): CodeIgniter\BaseModel->insert(Array, true)
#2 C:\xampp\htdocs\sistemkesehatantaruna\app\Controllers\Penanganan.php(54): CodeIgniter\Model->insert(Array)
#3 C:\xampp\htdocs\sistemkesehatantaruna\system\CodeIgniter.php(825): App\Controllers\Penanganan->add_penanganan()
#4 C:\xampp\htdocs\sistemkesehatantaruna\system\CodeIgniter.php(412): CodeIgniter\CodeIgniter->runController(Object(App\Controllers\Penanganan))
#5 C:\xampp\htdocs\sistemkesehatantaruna\system\CodeIgniter.php(320): CodeIgniter\CodeIgniter->handleRequest(NULL, Object(Config\Cache), false)
#6 C:\xampp\htdocs\sistemkesehatantaruna\public\index.php(37): CodeIgniter\CodeIgniter->run()
#7 {main}
CRITICAL - 2022-02-08 20:05:42 --> There is no data to insert.
#0 C:\xampp\htdocs\sistemkesehatantaruna\system\BaseModel.php(718): CodeIgniter\Database\Exceptions\DataException::forEmptyDataset('insert')
#1 C:\xampp\htdocs\sistemkesehatantaruna\system\Model.php(625): CodeIgniter\BaseModel->insert(Array, true)
#2 C:\xampp\htdocs\sistemkesehatantaruna\app\Controllers\Penanganan.php(54): CodeIgniter\Model->insert(Array)
#3 C:\xampp\htdocs\sistemkesehatantaruna\system\CodeIgniter.php(825): App\Controllers\Penanganan->add_penanganan()
#4 C:\xampp\htdocs\sistemkesehatantaruna\system\CodeIgniter.php(412): CodeIgniter\CodeIgniter->runController(Object(App\Controllers\Penanganan))
#5 C:\xampp\htdocs\sistemkesehatantaruna\system\CodeIgniter.php(320): CodeIgniter\CodeIgniter->handleRequest(NULL, Object(Config\Cache), false)
#6 C:\xampp\htdocs\sistemkesehatantaruna\public\index.php(37): CodeIgniter\CodeIgniter->run()
#7 {main}
CRITICAL - 2022-02-08 20:09:33 --> There is no data to insert.
#0 C:\xampp\htdocs\sistemkesehatantaruna\system\BaseModel.php(718): CodeIgniter\Database\Exceptions\DataException::forEmptyDataset('insert')
#1 C:\xampp\htdocs\sistemkesehatantaruna\system\Model.php(625): CodeIgniter\BaseModel->insert(Array, true)
#2 C:\xampp\htdocs\sistemkesehatantaruna\app\Controllers\Penanganan.php(56): CodeIgniter\Model->insert(Array)
#3 C:\xampp\htdocs\sistemkesehatantaruna\system\CodeIgniter.php(825): App\Controllers\Penanganan->add_penanganan()
#4 C:\xampp\htdocs\sistemkesehatantaruna\system\CodeIgniter.php(412): CodeIgniter\CodeIgniter->runController(Object(App\Controllers\Penanganan))
#5 C:\xampp\htdocs\sistemkesehatantaruna\system\CodeIgniter.php(320): CodeIgniter\CodeIgniter->handleRequest(NULL, Object(Config\Cache), false)
#6 C:\xampp\htdocs\sistemkesehatantaruna\public\index.php(37): CodeIgniter\CodeIgniter->run()
#7 {main}
CRITICAL - 2022-02-08 20:09:57 --> There is no data to insert.
#0 C:\xampp\htdocs\sistemkesehatantaruna\system\BaseModel.php(718): CodeIgniter\Database\Exceptions\DataException::forEmptyDataset('insert')
#1 C:\xampp\htdocs\sistemkesehatantaruna\system\Model.php(625): CodeIgniter\BaseModel->insert(Array, true)
#2 C:\xampp\htdocs\sistemkesehatantaruna\app\Controllers\Penanganan.php(57): CodeIgniter\Model->insert(Array)
#3 C:\xampp\htdocs\sistemkesehatantaruna\system\CodeIgniter.php(825): App\Controllers\Penanganan->add_penanganan()
#4 C:\xampp\htdocs\sistemkesehatantaruna\system\CodeIgniter.php(412): CodeIgniter\CodeIgniter->runController(Object(App\Controllers\Penanganan))
#5 C:\xampp\htdocs\sistemkesehatantaruna\system\CodeIgniter.php(320): CodeIgniter\CodeIgniter->handleRequest(NULL, Object(Config\Cache), false)
#6 C:\xampp\htdocs\sistemkesehatantaruna\public\index.php(37): CodeIgniter\CodeIgniter->run()
#7 {main}
CRITICAL - 2022-02-08 20:10:39 --> There is no data to insert.
#0 C:\xampp\htdocs\sistemkesehatantaruna\system\BaseModel.php(718): CodeIgniter\Database\Exceptions\DataException::forEmptyDataset('insert')
#1 C:\xampp\htdocs\sistemkesehatantaruna\system\Model.php(625): CodeIgniter\BaseModel->insert(Array, true)
#2 C:\xampp\htdocs\sistemkesehatantaruna\app\Controllers\Penanganan.php(57): CodeIgniter\Model->insert(Array)
#3 C:\xampp\htdocs\sistemkesehatantaruna\system\CodeIgniter.php(825): App\Controllers\Penanganan->add_penanganan()
#4 C:\xampp\htdocs\sistemkesehatantaruna\system\CodeIgniter.php(412): CodeIgniter\CodeIgniter->runController(Object(App\Controllers\Penanganan))
#5 C:\xampp\htdocs\sistemkesehatantaruna\system\CodeIgniter.php(320): CodeIgniter\CodeIgniter->handleRequest(NULL, Object(Config\Cache), false)
#6 C:\xampp\htdocs\sistemkesehatantaruna\public\index.php(37): CodeIgniter\CodeIgniter->run()
#7 {main}
CRITICAL - 2022-02-08 20:12:05 --> Call to undefined method App\Models\ObatModel::insert_batch
#0 C:\xampp\htdocs\sistemkesehatantaruna\app\Controllers\Penanganan.php(57): CodeIgniter\Model->__call('insert_batch', Array)
#1 C:\xampp\htdocs\sistemkesehatantaruna\system\CodeIgniter.php(825): App\Controllers\Penanganan->add_penanganan()
#2 C:\xampp\htdocs\sistemkesehatantaruna\system\CodeIgniter.php(412): CodeIgniter\CodeIgniter->runController(Object(App\Controllers\Penanganan))
#3 C:\xampp\htdocs\sistemkesehatantaruna\system\CodeIgniter.php(320): CodeIgniter\CodeIgniter->handleRequest(NULL, Object(Config\Cache), false)
#4 C:\xampp\htdocs\sistemkesehatantaruna\public\index.php(37): CodeIgniter\CodeIgniter->run()
#5 {main}
CRITICAL - 2022-02-08 20:26:54 --> Undefined array key "id_penanganan"
#0 C:\xampp\htdocs\sistemkesehatantaruna\app\Views\data_keluhan.php(99): CodeIgniter\Debug\Exceptions->errorHandler(2, 'Undefined array...', 'C:\\xampp\\htdocs...', 99)
#1 C:\xampp\htdocs\sistemkesehatantaruna\system\View\View.php(210): include('C:\\xampp\\htdocs...')
#2 C:\xampp\htdocs\sistemkesehatantaruna\system\View\View.php(213): CodeIgniter\View\View->CodeIgniter\View\{closure}()
#3 C:\xampp\htdocs\sistemkesehatantaruna\system\Common.php(1089): CodeIgniter\View\View->render('data_keluhan', Array, true)
#4 C:\xampp\htdocs\sistemkesehatantaruna\app\Controllers\Keluhan.php(60): view('data_keluhan', Array)
#5 C:\xampp\htdocs\sistemkesehatantaruna\system\CodeIgniter.php(825): App\Controllers\Keluhan->data_keluhan()
#6 C:\xampp\htdocs\sistemkesehatantaruna\system\CodeIgniter.php(412): CodeIgniter\CodeIgniter->runController(Object(App\Controllers\Keluhan))
#7 C:\xampp\htdocs\sistemkesehatantaruna\system\CodeIgniter.php(320): CodeIgniter\CodeIgniter->handleRequest(NULL, Object(Config\Cache), false)
#8 C:\xampp\htdocs\sistemkesehatantaruna\public\index.php(37): CodeIgniter\CodeIgniter->run()
#9 {main}
CRITICAL - 2022-02-08 20:36:31 --> Trying to access array offset on value of type null
#0 C:\xampp\htdocs\sistemkesehatantaruna\app\Views\data_keluhan.php(101): CodeIgniter\Debug\Exceptions->errorHandler(2, 'Trying to acces...', 'C:\\xampp\\htdocs...', 101)
#1 C:\xampp\htdocs\sistemkesehatantaruna\system\View\View.php(210): include('C:\\xampp\\htdocs...')
#2 C:\xampp\htdocs\sistemkesehatantaruna\system\View\View.php(213): CodeIgniter\View\View->CodeIgniter\View\{closure}()
#3 C:\xampp\htdocs\sistemkesehatantaruna\system\Common.php(1089): CodeIgniter\View\View->render('data_keluhan', Array, true)
#4 C:\xampp\htdocs\sistemkesehatantaruna\app\Controllers\Keluhan.php(63): view('data_keluhan', Array)
#5 C:\xampp\htdocs\sistemkesehatantaruna\system\CodeIgniter.php(825): App\Controllers\Keluhan->data_keluhan()
#6 C:\xampp\htdocs\sistemkesehatantaruna\system\CodeIgniter.php(412): CodeIgniter\CodeIgniter->runController(Object(App\Controllers\Keluhan))
#7 C:\xampp\htdocs\sistemkesehatantaruna\system\CodeIgniter.php(320): CodeIgniter\CodeIgniter->handleRequest(NULL, Object(Config\Cache), false)
#8 C:\xampp\htdocs\sistemkesehatantaruna\public\index.php(37): CodeIgniter\CodeIgniter->run()
#9 {main}
CRITICAL - 2022-02-08 21:30:03 --> Trying to access array offset on value of type null
#0 C:\xampp\htdocs\sistemkesehatantaruna\app\Controllers\Keluhan.php(109): CodeIgniter\Debug\Exceptions->errorHandler(2, 'Trying to acces...', 'C:\\xampp\\htdocs...', 109)
#1 C:\xampp\htdocs\sistemkesehatantaruna\system\CodeIgniter.php(825): App\Controllers\Keluhan->modal_beri_penanganan('70')
#2 C:\xampp\htdocs\sistemkesehatantaruna\system\CodeIgniter.php(412): CodeIgniter\CodeIgniter->runController(Object(App\Controllers\Keluhan))
#3 C:\xampp\htdocs\sistemkesehatantaruna\system\CodeIgniter.php(320): CodeIgniter\CodeIgniter->handleRequest(NULL, Object(Config\Cache), false)
#4 C:\xampp\htdocs\sistemkesehatantaruna\public\index.php(37): CodeIgniter\CodeIgniter->run()
#5 {main}
CRITICAL - 2022-02-08 21:36:31 --> Trying to access array offset on value of type null
#0 C:\xampp\htdocs\sistemkesehatantaruna\app\Controllers\Keluhan.php(109): CodeIgniter\Debug\Exceptions->errorHandler(2, 'Trying to acces...', 'C:\\xampp\\htdocs...', 109)
#1 C:\xampp\htdocs\sistemkesehatantaruna\system\CodeIgniter.php(825): App\Controllers\Keluhan->modal_beri_penanganan('70')
#2 C:\xampp\htdocs\sistemkesehatantaruna\system\CodeIgniter.php(412): CodeIgniter\CodeIgniter->runController(Object(App\Controllers\Keluhan))
#3 C:\xampp\htdocs\sistemkesehatantaruna\system\CodeIgniter.php(320): CodeIgniter\CodeIgniter->handleRequest(NULL, Object(Config\Cache), false)
#4 C:\xampp\htdocs\sistemkesehatantaruna\public\index.php(37): CodeIgniter\CodeIgniter->run()
#5 {main}
CRITICAL - 2022-02-08 21:37:56 --> Trying to access array offset on value of type null
#0 C:\xampp\htdocs\sistemkesehatantaruna\app\Controllers\Keluhan.php(109): CodeIgniter\Debug\Exceptions->errorHandler(2, 'Trying to acces...', 'C:\\xampp\\htdocs...', 109)
#1 C:\xampp\htdocs\sistemkesehatantaruna\system\CodeIgniter.php(825): App\Controllers\Keluhan->modal_beri_penanganan('70')
#2 C:\xampp\htdocs\sistemkesehatantaruna\system\CodeIgniter.php(412): CodeIgniter\CodeIgniter->runController(Object(App\Controllers\Keluhan))
#3 C:\xampp\htdocs\sistemkesehatantaruna\system\CodeIgniter.php(320): CodeIgniter\CodeIgniter->handleRequest(NULL, Object(Config\Cache), false)
#4 C:\xampp\htdocs\sistemkesehatantaruna\public\index.php(37): CodeIgniter\CodeIgniter->run()
#5 {main}
CRITICAL - 2022-02-08 21:38:21 --> Trying to access array offset on value of type null
#0 C:\xampp\htdocs\sistemkesehatantaruna\app\Controllers\Keluhan.php(109): CodeIgniter\Debug\Exceptions->errorHandler(2, 'Trying to acces...', 'C:\\xampp\\htdocs...', 109)
#1 C:\xampp\htdocs\sistemkesehatantaruna\system\CodeIgniter.php(825): App\Controllers\Keluhan->modal_beri_penanganan('70')
#2 C:\xampp\htdocs\sistemkesehatantaruna\system\CodeIgniter.php(412): CodeIgniter\CodeIgniter->runController(Object(App\Controllers\Keluhan))
#3 C:\xampp\htdocs\sistemkesehatantaruna\system\CodeIgniter.php(320): CodeIgniter\CodeIgniter->handleRequest(NULL, Object(Config\Cache), false)
#4 C:\xampp\htdocs\sistemkesehatantaruna\public\index.php(37): CodeIgniter\CodeIgniter->run()
#5 {main}
CRITICAL - 2022-02-08 21:49:23 --> Trying to access array offset on value of type null
#0 C:\xampp\htdocs\sistemkesehatantaruna\app\Controllers\Keluhan.php(109): CodeIgniter\Debug\Exceptions->errorHandler(2, 'Trying to acces...', 'C:\\xampp\\htdocs...', 109)
#1 C:\xampp\htdocs\sistemkesehatantaruna\system\CodeIgniter.php(825): App\Controllers\Keluhan->modal_beri_penanganan('70')
#2 C:\xampp\htdocs\sistemkesehatantaruna\system\CodeIgniter.php(412): CodeIgniter\CodeIgniter->runController(Object(App\Controllers\Keluhan))
#3 C:\xampp\htdocs\sistemkesehatantaruna\system\CodeIgniter.php(320): CodeIgniter\CodeIgniter->handleRequest(NULL, Object(Config\Cache), false)
#4 C:\xampp\htdocs\sistemkesehatantaruna\public\index.php(37): CodeIgniter\CodeIgniter->run()
#5 {main}
CRITICAL - 2022-02-08 21:49:32 --> Trying to access array offset on value of type null
#0 C:\xampp\htdocs\sistemkesehatantaruna\app\Controllers\Keluhan.php(109): CodeIgniter\Debug\Exceptions->errorHandler(2, 'Trying to acces...', 'C:\\xampp\\htdocs...', 109)
#1 C:\xampp\htdocs\sistemkesehatantaruna\system\CodeIgniter.php(825): App\Controllers\Keluhan->modal_beri_penanganan('70')
#2 C:\xampp\htdocs\sistemkesehatantaruna\system\CodeIgniter.php(412): CodeIgniter\CodeIgniter->runController(Object(App\Controllers\Keluhan))
#3 C:\xampp\htdocs\sistemkesehatantaruna\system\CodeIgniter.php(320): CodeIgniter\CodeIgniter->handleRequest(NULL, Object(Config\Cache), false)
#4 C:\xampp\htdocs\sistemkesehatantaruna\public\index.php(37): CodeIgniter\CodeIgniter->run()
#5 {main}
CRITICAL - 2022-02-08 22:10:58 --> Trying to access array offset on value of type null
#0 C:\xampp\htdocs\sistemkesehatantaruna\app\Controllers\Keluhan.php(109): CodeIgniter\Debug\Exceptions->errorHandler(2, 'Trying to acces...', 'C:\\xampp\\htdocs...', 109)
#1 C:\xampp\htdocs\sistemkesehatantaruna\system\CodeIgniter.php(825): App\Controllers\Keluhan->modal_beri_penanganan('72')
#2 C:\xampp\htdocs\sistemkesehatantaruna\system\CodeIgniter.php(412): CodeIgniter\CodeIgniter->runController(Object(App\Controllers\Keluhan))
#3 C:\xampp\htdocs\sistemkesehatantaruna\system\CodeIgniter.php(320): CodeIgniter\CodeIgniter->handleRequest(NULL, Object(Config\Cache), false)
#4 C:\xampp\htdocs\sistemkesehatantaruna\public\index.php(37): CodeIgniter\CodeIgniter->run()
#5 {main}
CRITICAL - 2022-02-08 22:11:10 --> Trying to access array offset on value of type null
#0 C:\xampp\htdocs\sistemkesehatantaruna\app\Controllers\Keluhan.php(109): CodeIgniter\Debug\Exceptions->errorHandler(2, 'Trying to acces...', 'C:\\xampp\\htdocs...', 109)
#1 C:\xampp\htdocs\sistemkesehatantaruna\system\CodeIgniter.php(825): App\Controllers\Keluhan->modal_beri_penanganan('72')
#2 C:\xampp\htdocs\sistemkesehatantaruna\system\CodeIgniter.php(412): CodeIgniter\CodeIgniter->runController(Object(App\Controllers\Keluhan))
#3 C:\xampp\htdocs\sistemkesehatantaruna\system\CodeIgniter.php(320): CodeIgniter\CodeIgniter->handleRequest(NULL, Object(Config\Cache), false)
#4 C:\xampp\htdocs\sistemkesehatantaruna\public\index.php(37): CodeIgniter\CodeIgniter->run()
#5 {main}
CRITICAL - 2022-02-08 22:12:15 --> Trying to access array offset on value of type null
#0 C:\xampp\htdocs\sistemkesehatantaruna\app\Controllers\Keluhan.php(109): CodeIgniter\Debug\Exceptions->errorHandler(2, 'Trying to acces...', 'C:\\xampp\\htdocs...', 109)
#1 C:\xampp\htdocs\sistemkesehatantaruna\system\CodeIgniter.php(825): App\Controllers\Keluhan->modal_beri_penanganan('72')
#2 C:\xampp\htdocs\sistemkesehatantaruna\system\CodeIgniter.php(412): CodeIgniter\CodeIgniter->runController(Object(App\Controllers\Keluhan))
#3 C:\xampp\htdocs\sistemkesehatantaruna\system\CodeIgniter.php(320): CodeIgniter\CodeIgniter->handleRequest(NULL, Object(Config\Cache), false)
#4 C:\xampp\htdocs\sistemkesehatantaruna\public\index.php(37): CodeIgniter\CodeIgniter->run()
#5 {main}
CRITICAL - 2022-02-08 22:14:33 --> Trying to access array offset on value of type null
#0 C:\xampp\htdocs\sistemkesehatantaruna\app\Controllers\Keluhan.php(109): CodeIgniter\Debug\Exceptions->errorHandler(2, 'Trying to acces...', 'C:\\xampp\\htdocs...', 109)
#1 C:\xampp\htdocs\sistemkesehatantaruna\system\CodeIgniter.php(825): App\Controllers\Keluhan->modal_beri_penanganan('72')
#2 C:\xampp\htdocs\sistemkesehatantaruna\system\CodeIgniter.php(412): CodeIgniter\CodeIgniter->runController(Object(App\Controllers\Keluhan))
#3 C:\xampp\htdocs\sistemkesehatantaruna\system\CodeIgniter.php(320): CodeIgniter\CodeIgniter->handleRequest(NULL, Object(Config\Cache), false)
#4 C:\xampp\htdocs\sistemkesehatantaruna\public\index.php(37): CodeIgniter\CodeIgniter->run()
#5 {main}
CRITICAL - 2022-02-08 22:16:19 --> Trying to access array offset on value of type null
#0 C:\xampp\htdocs\sistemkesehatantaruna\app\Controllers\Keluhan.php(109): CodeIgniter\Debug\Exceptions->errorHandler(2, 'Trying to acces...', 'C:\\xampp\\htdocs...', 109)
#1 C:\xampp\htdocs\sistemkesehatantaruna\system\CodeIgniter.php(825): App\Controllers\Keluhan->modal_beri_penanganan('72')
#2 C:\xampp\htdocs\sistemkesehatantaruna\system\CodeIgniter.php(412): CodeIgniter\CodeIgniter->runController(Object(App\Controllers\Keluhan))
#3 C:\xampp\htdocs\sistemkesehatantaruna\system\CodeIgniter.php(320): CodeIgniter\CodeIgniter->handleRequest(NULL, Object(Config\Cache), false)
#4 C:\xampp\htdocs\sistemkesehatantaruna\public\index.php(37): CodeIgniter\CodeIgniter->run()
#5 {main}
CRITICAL - 2022-02-08 22:17:56 --> Trying to access array offset on value of type null
#0 C:\xampp\htdocs\sistemkesehatantaruna\app\Controllers\Keluhan.php(109): CodeIgniter\Debug\Exceptions->errorHandler(2, 'Trying to acces...', 'C:\\xampp\\htdocs...', 109)
#1 C:\xampp\htdocs\sistemkesehatantaruna\system\CodeIgniter.php(825): App\Controllers\Keluhan->modal_beri_penanganan('72')
#2 C:\xampp\htdocs\sistemkesehatantaruna\system\CodeIgniter.php(412): CodeIgniter\CodeIgniter->runController(Object(App\Controllers\Keluhan))
#3 C:\xampp\htdocs\sistemkesehatantaruna\system\CodeIgniter.php(320): CodeIgniter\CodeIgniter->handleRequest(NULL, Object(Config\Cache), false)
#4 C:\xampp\htdocs\sistemkesehatantaruna\public\index.php(37): CodeIgniter\CodeIgniter->run()
#5 {main}
CRITICAL - 2022-02-08 22:19:18 --> Trying to access array offset on value of type null
#0 C:\xampp\htdocs\sistemkesehatantaruna\app\Controllers\Keluhan.php(109): CodeIgniter\Debug\Exceptions->errorHandler(2, 'Trying to acces...', 'C:\\xampp\\htdocs...', 109)
#1 C:\xampp\htdocs\sistemkesehatantaruna\system\CodeIgniter.php(825): App\Controllers\Keluhan->modal_beri_penanganan('72')
#2 C:\xampp\htdocs\sistemkesehatantaruna\system\CodeIgniter.php(412): CodeIgniter\CodeIgniter->runController(Object(App\Controllers\Keluhan))
#3 C:\xampp\htdocs\sistemkesehatantaruna\system\CodeIgniter.php(320): CodeIgniter\CodeIgniter->handleRequest(NULL, Object(Config\Cache), false)
#4 C:\xampp\htdocs\sistemkesehatantaruna\public\index.php(37): CodeIgniter\CodeIgniter->run()
#5 {main}
CRITICAL - 2022-02-08 22:19:25 --> Trying to access array offset on value of type null
#0 C:\xampp\htdocs\sistemkesehatantaruna\app\Controllers\Keluhan.php(109): CodeIgniter\Debug\Exceptions->errorHandler(2, 'Trying to acces...', 'C:\\xampp\\htdocs...', 109)
#1 C:\xampp\htdocs\sistemkesehatantaruna\system\CodeIgniter.php(825): App\Controllers\Keluhan->modal_beri_penanganan('72')
#2 C:\xampp\htdocs\sistemkesehatantaruna\system\CodeIgniter.php(412): CodeIgniter\CodeIgniter->runController(Object(App\Controllers\Keluhan))
#3 C:\xampp\htdocs\sistemkesehatantaruna\system\CodeIgniter.php(320): CodeIgniter\CodeIgniter->handleRequest(NULL, Object(Config\Cache), false)
#4 C:\xampp\htdocs\sistemkesehatantaruna\public\index.php(37): CodeIgniter\CodeIgniter->run()
#5 {main}
CRITICAL - 2022-02-08 22:19:58 --> Undefined variable $getObat
#0 C:\xampp\htdocs\sistemkesehatantaruna\app\Controllers\Keluhan.php(123): CodeIgniter\Debug\Exceptions->errorHandler(2, 'Undefined varia...', 'C:\\xampp\\htdocs...', 123)
#1 C:\xampp\htdocs\sistemkesehatantaruna\system\CodeIgniter.php(825): App\Controllers\Keluhan->modal_beri_penanganan('72')
#2 C:\xampp\htdocs\sistemkesehatantaruna\system\CodeIgniter.php(412): CodeIgniter\CodeIgniter->runController(Object(App\Controllers\Keluhan))
#3 C:\xampp\htdocs\sistemkesehatantaruna\system\CodeIgniter.php(320): CodeIgniter\CodeIgniter->handleRequest(NULL, Object(Config\Cache), false)
#4 C:\xampp\htdocs\sistemkesehatantaruna\public\index.php(37): CodeIgniter\CodeIgniter->run()
#5 {main}
