ERROR - 2022-01-28 01:39:46 --> Column 'npm' in where clause is ambiguous
CRITICAL - 2022-01-28 01:39:46 --> Column 'npm' in where clause is ambiguous
#0 C:\xampp\htdocs\sistemkesehatantaruna\system\Database\MySQLi\Connection.php(292): mysqli->query('SELECT *\nFROM `...', 0)
#1 C:\xampp\htdocs\sistemkesehatantaruna\system\Database\BaseConnection.php(670): CodeIgniter\Database\MySQLi\Connection->execute('SELECT *\nFROM `...')
#2 C:\xampp\htdocs\sistemkesehatantaruna\system\Database\BaseConnection.php(598): CodeIgniter\Database\BaseConnection->simpleQuery('SELECT *\nFROM `...')
#3 C:\xampp\htdocs\sistemkesehatantaruna\system\Database\BaseBuilder.php(1455): CodeIgniter\Database\BaseConnection->query('SELECT *\nFROM `...', Array, false)
#4 C:\xampp\htdocs\sistemkesehatantaruna\system\Model.php(728): CodeIgniter\Database\BaseBuilder->get()
#5 C:\xampp\htdocs\sistemkesehatantaruna\app\Models\KeluhanModel.php(16): CodeIgniter\Model->__call('get', Array)
#6 C:\xampp\htdocs\sistemkesehatantaruna\app\Controllers\Home.php(27): App\Models\KeluhanModel->getKeluhanUser(Array)
#7 C:\xampp\htdocs\sistemkesehatantaruna\system\CodeIgniter.php(825): App\Controllers\Home->index()
#8 C:\xampp\htdocs\sistemkesehatantaruna\system\CodeIgniter.php(412): CodeIgniter\CodeIgniter->runController(Object(App\Controllers\Home))
#9 C:\xampp\htdocs\sistemkesehatantaruna\system\CodeIgniter.php(320): CodeIgniter\CodeIgniter->handleRequest(NULL, Object(Config\Cache), false)
#10 C:\xampp\htdocs\sistemkesehatantaruna\public\index.php(37): CodeIgniter\CodeIgniter->run()
#11 {main}
ERROR - 2022-01-28 01:40:56 --> Column 'npm' in where clause is ambiguous
CRITICAL - 2022-01-28 01:40:56 --> Column 'npm' in where clause is ambiguous
#0 C:\xampp\htdocs\sistemkesehatantaruna\system\Database\MySQLi\Connection.php(292): mysqli->query('SELECT *\nFROM `...', 0)
#1 C:\xampp\htdocs\sistemkesehatantaruna\system\Database\BaseConnection.php(670): CodeIgniter\Database\MySQLi\Connection->execute('SELECT *\nFROM `...')
#2 C:\xampp\htdocs\sistemkesehatantaruna\system\Database\BaseConnection.php(598): CodeIgniter\Database\BaseConnection->simpleQuery('SELECT *\nFROM `...')
#3 C:\xampp\htdocs\sistemkesehatantaruna\system\Database\BaseBuilder.php(1455): CodeIgniter\Database\BaseConnection->query('SELECT *\nFROM `...', Array, false)
#4 C:\xampp\htdocs\sistemkesehatantaruna\system\Model.php(728): CodeIgniter\Database\BaseBuilder->get()
#5 C:\xampp\htdocs\sistemkesehatantaruna\app\Models\KeluhanModel.php(16): CodeIgniter\Model->__call('get', Array)
#6 C:\xampp\htdocs\sistemkesehatantaruna\app\Controllers\Home.php(27): App\Models\KeluhanModel->getKeluhanUser(Array)
#7 C:\xampp\htdocs\sistemkesehatantaruna\system\CodeIgniter.php(825): App\Controllers\Home->index()
#8 C:\xampp\htdocs\sistemkesehatantaruna\system\CodeIgniter.php(412): CodeIgniter\CodeIgniter->runController(Object(App\Controllers\Home))
#9 C:\xampp\htdocs\sistemkesehatantaruna\system\CodeIgniter.php(320): CodeIgniter\CodeIgniter->handleRequest(NULL, Object(Config\Cache), false)
#10 C:\xampp\htdocs\sistemkesehatantaruna\public\index.php(37): CodeIgniter\CodeIgniter->run()
#11 {main}
CRITICAL - 2022-01-28 01:42:14 --> Array to string conversion
#0 C:\xampp\htdocs\sistemkesehatantaruna\app\Controllers\Home.php(30): CodeIgniter\Debug\Exceptions->errorHandler(2, 'Array to string...', 'C:\\xampp\\htdocs...', 30)
#1 C:\xampp\htdocs\sistemkesehatantaruna\system\CodeIgniter.php(825): App\Controllers\Home->index()
#2 C:\xampp\htdocs\sistemkesehatantaruna\system\CodeIgniter.php(412): CodeIgniter\CodeIgniter->runController(Object(App\Controllers\Home))
#3 C:\xampp\htdocs\sistemkesehatantaruna\system\CodeIgniter.php(320): CodeIgniter\CodeIgniter->handleRequest(NULL, Object(Config\Cache), false)
#4 C:\xampp\htdocs\sistemkesehatantaruna\public\index.php(37): CodeIgniter\CodeIgniter->run()
#5 {main}
CRITICAL - 2022-01-28 01:42:21 --> Array to string conversion
#0 C:\xampp\htdocs\sistemkesehatantaruna\app\Controllers\Home.php(30): CodeIgniter\Debug\Exceptions->errorHandler(2, 'Array to string...', 'C:\\xampp\\htdocs...', 30)
#1 C:\xampp\htdocs\sistemkesehatantaruna\system\CodeIgniter.php(825): App\Controllers\Home->index()
#2 C:\xampp\htdocs\sistemkesehatantaruna\system\CodeIgniter.php(412): CodeIgniter\CodeIgniter->runController(Object(App\Controllers\Home))
#3 C:\xampp\htdocs\sistemkesehatantaruna\system\CodeIgniter.php(320): CodeIgniter\CodeIgniter->handleRequest(NULL, Object(Config\Cache), false)
#4 C:\xampp\htdocs\sistemkesehatantaruna\public\index.php(37): CodeIgniter\CodeIgniter->run()
#5 {main}
CRITICAL - 2022-01-28 01:48:48 --> Call to undefined method CodeIgniter\Database\MySQLi\Result::getReseultArray()
#0 C:\xampp\htdocs\sistemkesehatantaruna\app\Controllers\Home.php(27): App\Models\KeluhanModel->getKeluhanUser(Array)
#1 C:\xampp\htdocs\sistemkesehatantaruna\system\CodeIgniter.php(825): App\Controllers\Home->index()
#2 C:\xampp\htdocs\sistemkesehatantaruna\system\CodeIgniter.php(412): CodeIgniter\CodeIgniter->runController(Object(App\Controllers\Home))
#3 C:\xampp\htdocs\sistemkesehatantaruna\system\CodeIgniter.php(320): CodeIgniter\CodeIgniter->handleRequest(NULL, Object(Config\Cache), false)
#4 C:\xampp\htdocs\sistemkesehatantaruna\public\index.php(37): CodeIgniter\CodeIgniter->run()
#5 {main}
CRITICAL - 2022-01-28 01:49:00 --> Undefined variable $getKeluhanUser
#0 C:\xampp\htdocs\sistemkesehatantaruna\app\Views\dashboard.php(61): CodeIgniter\Debug\Exceptions->errorHandler(2, 'Undefined varia...', 'C:\\xampp\\htdocs...', 61)
#1 C:\xampp\htdocs\sistemkesehatantaruna\system\View\View.php(210): include('C:\\xampp\\htdocs...')
#2 C:\xampp\htdocs\sistemkesehatantaruna\system\View\View.php(213): CodeIgniter\View\View->CodeIgniter\View\{closure}()
#3 C:\xampp\htdocs\sistemkesehatantaruna\system\Common.php(1089): CodeIgniter\View\View->render('dashboard', Array, true)
#4 C:\xampp\htdocs\sistemkesehatantaruna\app\Controllers\Home.php(30): view('dashboard', Array)
#5 C:\xampp\htdocs\sistemkesehatantaruna\system\CodeIgniter.php(825): App\Controllers\Home->index()
#6 C:\xampp\htdocs\sistemkesehatantaruna\system\CodeIgniter.php(412): CodeIgniter\CodeIgniter->runController(Object(App\Controllers\Home))
#7 C:\xampp\htdocs\sistemkesehatantaruna\system\CodeIgniter.php(320): CodeIgniter\CodeIgniter->handleRequest(NULL, Object(Config\Cache), false)
#8 C:\xampp\htdocs\sistemkesehatantaruna\public\index.php(37): CodeIgniter\CodeIgniter->run()
#9 {main}
CRITICAL - 2022-01-28 01:53:02 --> Cannot access offset of type string on string
#0 C:\xampp\htdocs\sistemkesehatantaruna\system\View\View.php(210): include()
#1 C:\xampp\htdocs\sistemkesehatantaruna\system\View\View.php(213): CodeIgniter\View\View->CodeIgniter\View\{closure}()
#2 C:\xampp\htdocs\sistemkesehatantaruna\system\Common.php(1089): CodeIgniter\View\View->render('dashboard', Array, true)
#3 C:\xampp\htdocs\sistemkesehatantaruna\app\Controllers\Home.php(30): view('dashboard', Array)
#4 C:\xampp\htdocs\sistemkesehatantaruna\system\CodeIgniter.php(825): App\Controllers\Home->index()
#5 C:\xampp\htdocs\sistemkesehatantaruna\system\CodeIgniter.php(412): CodeIgniter\CodeIgniter->runController(Object(App\Controllers\Home))
#6 C:\xampp\htdocs\sistemkesehatantaruna\system\CodeIgniter.php(320): CodeIgniter\CodeIgniter->handleRequest(NULL, Object(Config\Cache), false)
#7 C:\xampp\htdocs\sistemkesehatantaruna\public\index.php(37): CodeIgniter\CodeIgniter->run()
#8 {main}
CRITICAL - 2022-01-28 01:54:03 --> Object of type CodeIgniter\Session\Session is not callable
#0 C:\xampp\htdocs\sistemkesehatantaruna\system\CodeIgniter.php(825): App\Controllers\Home->index()
#1 C:\xampp\htdocs\sistemkesehatantaruna\system\CodeIgniter.php(412): CodeIgniter\CodeIgniter->runController(Object(App\Controllers\Home))
#2 C:\xampp\htdocs\sistemkesehatantaruna\system\CodeIgniter.php(320): CodeIgniter\CodeIgniter->handleRequest(NULL, Object(Config\Cache), false)
#3 C:\xampp\htdocs\sistemkesehatantaruna\public\index.php(37): CodeIgniter\CodeIgniter->run()
#4 {main}
CRITICAL - 2022-01-28 02:08:08 --> Undefined array key "id_keluhan"
#0 C:\xampp\htdocs\sistemkesehatantaruna\app\Controllers\Home.php(36): CodeIgniter\Debug\Exceptions->errorHandler(2, 'Undefined array...', 'C:\\xampp\\htdocs...', 36)
#1 C:\xampp\htdocs\sistemkesehatantaruna\system\CodeIgniter.php(825): App\Controllers\Home->index()
#2 C:\xampp\htdocs\sistemkesehatantaruna\system\CodeIgniter.php(412): CodeIgniter\CodeIgniter->runController(Object(App\Controllers\Home))
#3 C:\xampp\htdocs\sistemkesehatantaruna\system\CodeIgniter.php(320): CodeIgniter\CodeIgniter->handleRequest(NULL, Object(Config\Cache), false)
#4 C:\xampp\htdocs\sistemkesehatantaruna\public\index.php(37): CodeIgniter\CodeIgniter->run()
#5 {main}
CRITICAL - 2022-01-28 02:08:26 --> Undefined array key "id_keluhan"
#0 C:\xampp\htdocs\sistemkesehatantaruna\app\Controllers\Home.php(36): CodeIgniter\Debug\Exceptions->errorHandler(2, 'Undefined array...', 'C:\\xampp\\htdocs...', 36)
#1 C:\xampp\htdocs\sistemkesehatantaruna\system\CodeIgniter.php(825): App\Controllers\Home->index()
#2 C:\xampp\htdocs\sistemkesehatantaruna\system\CodeIgniter.php(412): CodeIgniter\CodeIgniter->runController(Object(App\Controllers\Home))
#3 C:\xampp\htdocs\sistemkesehatantaruna\system\CodeIgniter.php(320): CodeIgniter\CodeIgniter->handleRequest(NULL, Object(Config\Cache), false)
#4 C:\xampp\htdocs\sistemkesehatantaruna\public\index.php(37): CodeIgniter\CodeIgniter->run()
#5 {main}
CRITICAL - 2022-01-28 02:08:45 --> Undefined array key "id_keluhan"
#0 C:\xampp\htdocs\sistemkesehatantaruna\app\Controllers\Home.php(36): CodeIgniter\Debug\Exceptions->errorHandler(2, 'Undefined array...', 'C:\\xampp\\htdocs...', 36)
#1 C:\xampp\htdocs\sistemkesehatantaruna\system\CodeIgniter.php(825): App\Controllers\Home->index()
#2 C:\xampp\htdocs\sistemkesehatantaruna\system\CodeIgniter.php(412): CodeIgniter\CodeIgniter->runController(Object(App\Controllers\Home))
#3 C:\xampp\htdocs\sistemkesehatantaruna\system\CodeIgniter.php(320): CodeIgniter\CodeIgniter->handleRequest(NULL, Object(Config\Cache), false)
#4 C:\xampp\htdocs\sistemkesehatantaruna\public\index.php(37): CodeIgniter\CodeIgniter->run()
#5 {main}
CRITICAL - 2022-01-28 02:09:16 --> Cannot access offset of type string on string
#0 C:\xampp\htdocs\sistemkesehatantaruna\system\View\View.php(210): include()
#1 C:\xampp\htdocs\sistemkesehatantaruna\system\View\View.php(213): CodeIgniter\View\View->CodeIgniter\View\{closure}()
#2 C:\xampp\htdocs\sistemkesehatantaruna\system\Common.php(1089): CodeIgniter\View\View->render('dashboard', Array, true)
#3 C:\xampp\htdocs\sistemkesehatantaruna\app\Controllers\Home.php(41): view('dashboard', Array)
#4 C:\xampp\htdocs\sistemkesehatantaruna\system\CodeIgniter.php(825): App\Controllers\Home->index()
#5 C:\xampp\htdocs\sistemkesehatantaruna\system\CodeIgniter.php(412): CodeIgniter\CodeIgniter->runController(Object(App\Controllers\Home))
#6 C:\xampp\htdocs\sistemkesehatantaruna\system\CodeIgniter.php(320): CodeIgniter\CodeIgniter->handleRequest(NULL, Object(Config\Cache), false)
#7 C:\xampp\htdocs\sistemkesehatantaruna\public\index.php(37): CodeIgniter\CodeIgniter->run()
#8 {main}
CRITICAL - 2022-01-28 02:09:44 --> Undefined array key "id_keluhan"
#0 C:\xampp\htdocs\sistemkesehatantaruna\app\Controllers\Home.php(36): CodeIgniter\Debug\Exceptions->errorHandler(2, 'Undefined array...', 'C:\\xampp\\htdocs...', 36)
#1 C:\xampp\htdocs\sistemkesehatantaruna\system\CodeIgniter.php(825): App\Controllers\Home->index()
#2 C:\xampp\htdocs\sistemkesehatantaruna\system\CodeIgniter.php(412): CodeIgniter\CodeIgniter->runController(Object(App\Controllers\Home))
#3 C:\xampp\htdocs\sistemkesehatantaruna\system\CodeIgniter.php(320): CodeIgniter\CodeIgniter->handleRequest(NULL, Object(Config\Cache), false)
#4 C:\xampp\htdocs\sistemkesehatantaruna\public\index.php(37): CodeIgniter\CodeIgniter->run()
#5 {main}
CRITICAL - 2022-01-28 02:21:51 --> Undefined property: CodeIgniter\View\View::$penangananmodel
#0 C:\xampp\htdocs\sistemkesehatantaruna\app\Views\dashboard.php(64): CodeIgniter\Debug\Exceptions->errorHandler(2, 'Undefined prope...', 'C:\\xampp\\htdocs...', 64)
#1 C:\xampp\htdocs\sistemkesehatantaruna\system\View\View.php(210): include('C:\\xampp\\htdocs...')
#2 C:\xampp\htdocs\sistemkesehatantaruna\system\View\View.php(213): CodeIgniter\View\View->CodeIgniter\View\{closure}()
#3 C:\xampp\htdocs\sistemkesehatantaruna\system\Common.php(1089): CodeIgniter\View\View->render('dashboard', Array, true)
#4 C:\xampp\htdocs\sistemkesehatantaruna\app\Controllers\Home.php(45): view('dashboard', Array)
#5 C:\xampp\htdocs\sistemkesehatantaruna\system\CodeIgniter.php(825): App\Controllers\Home->index()
#6 C:\xampp\htdocs\sistemkesehatantaruna\system\CodeIgniter.php(412): CodeIgniter\CodeIgniter->runController(Object(App\Controllers\Home))
#7 C:\xampp\htdocs\sistemkesehatantaruna\system\CodeIgniter.php(320): CodeIgniter\CodeIgniter->handleRequest(NULL, Object(Config\Cache), false)
#8 C:\xampp\htdocs\sistemkesehatantaruna\public\index.php(37): CodeIgniter\CodeIgniter->run()
#9 {main}
CRITICAL - 2022-01-28 02:23:04 --> Undefined property: CodeIgniter\View\View::$penangananmodel
#0 C:\xampp\htdocs\sistemkesehatantaruna\app\Views\dashboard.php(64): CodeIgniter\Debug\Exceptions->errorHandler(2, 'Undefined prope...', 'C:\\xampp\\htdocs...', 64)
#1 C:\xampp\htdocs\sistemkesehatantaruna\system\View\View.php(210): include('C:\\xampp\\htdocs...')
#2 C:\xampp\htdocs\sistemkesehatantaruna\system\View\View.php(213): CodeIgniter\View\View->CodeIgniter\View\{closure}()
#3 C:\xampp\htdocs\sistemkesehatantaruna\system\Common.php(1089): CodeIgniter\View\View->render('dashboard', Array, true)
#4 C:\xampp\htdocs\sistemkesehatantaruna\app\Controllers\Home.php(45): view('dashboard', Array)
#5 C:\xampp\htdocs\sistemkesehatantaruna\system\CodeIgniter.php(825): App\Controllers\Home->index()
#6 C:\xampp\htdocs\sistemkesehatantaruna\system\CodeIgniter.php(412): CodeIgniter\CodeIgniter->runController(Object(App\Controllers\Home))
#7 C:\xampp\htdocs\sistemkesehatantaruna\system\CodeIgniter.php(320): CodeIgniter\CodeIgniter->handleRequest(NULL, Object(Config\Cache), false)
#8 C:\xampp\htdocs\sistemkesehatantaruna\public\index.php(37): CodeIgniter\CodeIgniter->run()
#9 {main}
CRITICAL - 2022-01-28 02:23:26 --> Undefined property: CodeIgniter\View\View::$penangananmodel
#0 C:\xampp\htdocs\sistemkesehatantaruna\app\Views\dashboard.php(64): CodeIgniter\Debug\Exceptions->errorHandler(2, 'Undefined prope...', 'C:\\xampp\\htdocs...', 64)
#1 C:\xampp\htdocs\sistemkesehatantaruna\system\View\View.php(210): include('C:\\xampp\\htdocs...')
#2 C:\xampp\htdocs\sistemkesehatantaruna\system\View\View.php(213): CodeIgniter\View\View->CodeIgniter\View\{closure}()
#3 C:\xampp\htdocs\sistemkesehatantaruna\system\Common.php(1089): CodeIgniter\View\View->render('dashboard', Array, true)
#4 C:\xampp\htdocs\sistemkesehatantaruna\app\Controllers\Home.php(45): view('dashboard', Array)
#5 C:\xampp\htdocs\sistemkesehatantaruna\system\CodeIgniter.php(825): App\Controllers\Home->index()
#6 C:\xampp\htdocs\sistemkesehatantaruna\system\CodeIgniter.php(412): CodeIgniter\CodeIgniter->runController(Object(App\Controllers\Home))
#7 C:\xampp\htdocs\sistemkesehatantaruna\system\CodeIgniter.php(320): CodeIgniter\CodeIgniter->handleRequest(NULL, Object(Config\Cache), false)
#8 C:\xampp\htdocs\sistemkesehatantaruna\public\index.php(37): CodeIgniter\CodeIgniter->run()
#9 {main}
CRITICAL - 2022-01-28 02:23:47 --> Undefined property: CodeIgniter\View\View::$penangananmodel
#0 C:\xampp\htdocs\sistemkesehatantaruna\app\Views\dashboard.php(64): CodeIgniter\Debug\Exceptions->errorHandler(2, 'Undefined prope...', 'C:\\xampp\\htdocs...', 64)
#1 C:\xampp\htdocs\sistemkesehatantaruna\system\View\View.php(210): include('C:\\xampp\\htdocs...')
#2 C:\xampp\htdocs\sistemkesehatantaruna\system\View\View.php(213): CodeIgniter\View\View->CodeIgniter\View\{closure}()
#3 C:\xampp\htdocs\sistemkesehatantaruna\system\Common.php(1089): CodeIgniter\View\View->render('dashboard', Array, true)
#4 C:\xampp\htdocs\sistemkesehatantaruna\app\Controllers\Home.php(45): view('dashboard', Array)
#5 C:\xampp\htdocs\sistemkesehatantaruna\system\CodeIgniter.php(825): App\Controllers\Home->index()
#6 C:\xampp\htdocs\sistemkesehatantaruna\system\CodeIgniter.php(412): CodeIgniter\CodeIgniter->runController(Object(App\Controllers\Home))
#7 C:\xampp\htdocs\sistemkesehatantaruna\system\CodeIgniter.php(320): CodeIgniter\CodeIgniter->handleRequest(NULL, Object(Config\Cache), false)
#8 C:\xampp\htdocs\sistemkesehatantaruna\public\index.php(37): CodeIgniter\CodeIgniter->run()
#9 {main}
ERROR - 2022-01-28 02:25:35 --> Column 'id_keluhan' in where clause is ambiguous
CRITICAL - 2022-01-28 02:25:35 --> Column 'id_keluhan' in where clause is ambiguous
#0 C:\xampp\htdocs\sistemkesehatantaruna\system\Database\MySQLi\Connection.php(292): mysqli->query('SELECT *\nFROM `...', 0)
#1 C:\xampp\htdocs\sistemkesehatantaruna\system\Database\BaseConnection.php(670): CodeIgniter\Database\MySQLi\Connection->execute('SELECT *\nFROM `...')
#2 C:\xampp\htdocs\sistemkesehatantaruna\system\Database\BaseConnection.php(598): CodeIgniter\Database\BaseConnection->simpleQuery('SELECT *\nFROM `...')
#3 C:\xampp\htdocs\sistemkesehatantaruna\system\Database\BaseBuilder.php(1455): CodeIgniter\Database\BaseConnection->query('SELECT *\nFROM `...', Array, false)
#4 C:\xampp\htdocs\sistemkesehatantaruna\system\Model.php(728): CodeIgniter\Database\BaseBuilder->get()
#5 C:\xampp\htdocs\sistemkesehatantaruna\app\Models\PenangananModel.php(15): CodeIgniter\Model->__call('get', Array)
#6 C:\xampp\htdocs\sistemkesehatantaruna\app\Views\dashboard.php(64): App\Models\PenangananModel->getPenangananUser('6')
#7 C:\xampp\htdocs\sistemkesehatantaruna\system\View\View.php(210): include('C:\\xampp\\htdocs...')
#8 C:\xampp\htdocs\sistemkesehatantaruna\system\View\View.php(213): CodeIgniter\View\View->CodeIgniter\View\{closure}()
#9 C:\xampp\htdocs\sistemkesehatantaruna\system\Common.php(1089): CodeIgniter\View\View->render('dashboard', Array, true)
#10 C:\xampp\htdocs\sistemkesehatantaruna\app\Controllers\Home.php(45): view('dashboard', Array)
#11 C:\xampp\htdocs\sistemkesehatantaruna\system\CodeIgniter.php(825): App\Controllers\Home->index()
#12 C:\xampp\htdocs\sistemkesehatantaruna\system\CodeIgniter.php(412): CodeIgniter\CodeIgniter->runController(Object(App\Controllers\Home))
#13 C:\xampp\htdocs\sistemkesehatantaruna\system\CodeIgniter.php(320): CodeIgniter\CodeIgniter->handleRequest(NULL, Object(Config\Cache), false)
#14 C:\xampp\htdocs\sistemkesehatantaruna\public\index.php(37): CodeIgniter\CodeIgniter->run()
#15 {main}
CRITICAL - 2022-01-28 02:25:50 --> Undefined array key "keluhan.id_keluhan"
#0 C:\xampp\htdocs\sistemkesehatantaruna\app\Views\dashboard.php(64): CodeIgniter\Debug\Exceptions->errorHandler(2, 'Undefined array...', 'C:\\xampp\\htdocs...', 64)
#1 C:\xampp\htdocs\sistemkesehatantaruna\system\View\View.php(210): include('C:\\xampp\\htdocs...')
#2 C:\xampp\htdocs\sistemkesehatantaruna\system\View\View.php(213): CodeIgniter\View\View->CodeIgniter\View\{closure}()
#3 C:\xampp\htdocs\sistemkesehatantaruna\system\Common.php(1089): CodeIgniter\View\View->render('dashboard', Array, true)
#4 C:\xampp\htdocs\sistemkesehatantaruna\app\Controllers\Home.php(45): view('dashboard', Array)
#5 C:\xampp\htdocs\sistemkesehatantaruna\system\CodeIgniter.php(825): App\Controllers\Home->index()
#6 C:\xampp\htdocs\sistemkesehatantaruna\system\CodeIgniter.php(412): CodeIgniter\CodeIgniter->runController(Object(App\Controllers\Home))
#7 C:\xampp\htdocs\sistemkesehatantaruna\system\CodeIgniter.php(320): CodeIgniter\CodeIgniter->handleRequest(NULL, Object(Config\Cache), false)
#8 C:\xampp\htdocs\sistemkesehatantaruna\public\index.php(37): CodeIgniter\CodeIgniter->run()
#9 {main}
CRITICAL - 2022-01-28 02:26:04 --> Trying to access array offset on value of type null
#0 C:\xampp\htdocs\sistemkesehatantaruna\app\Views\dashboard.php(71): CodeIgniter\Debug\Exceptions->errorHandler(2, 'Trying to acces...', 'C:\\xampp\\htdocs...', 71)
#1 C:\xampp\htdocs\sistemkesehatantaruna\system\View\View.php(210): include('C:\\xampp\\htdocs...')
#2 C:\xampp\htdocs\sistemkesehatantaruna\system\View\View.php(213): CodeIgniter\View\View->CodeIgniter\View\{closure}()
#3 C:\xampp\htdocs\sistemkesehatantaruna\system\Common.php(1089): CodeIgniter\View\View->render('dashboard', Array, true)
#4 C:\xampp\htdocs\sistemkesehatantaruna\app\Controllers\Home.php(45): view('dashboard', Array)
#5 C:\xampp\htdocs\sistemkesehatantaruna\system\CodeIgniter.php(825): App\Controllers\Home->index()
#6 C:\xampp\htdocs\sistemkesehatantaruna\system\CodeIgniter.php(412): CodeIgniter\CodeIgniter->runController(Object(App\Controllers\Home))
#7 C:\xampp\htdocs\sistemkesehatantaruna\system\CodeIgniter.php(320): CodeIgniter\CodeIgniter->handleRequest(NULL, Object(Config\Cache), false)
#8 C:\xampp\htdocs\sistemkesehatantaruna\public\index.php(37): CodeIgniter\CodeIgniter->run()
#9 {main}
CRITICAL - 2022-01-28 02:26:31 --> Trying to access array offset on value of type null
#0 C:\xampp\htdocs\sistemkesehatantaruna\app\Views\dashboard.php(71): CodeIgniter\Debug\Exceptions->errorHandler(2, 'Trying to acces...', 'C:\\xampp\\htdocs...', 71)
#1 C:\xampp\htdocs\sistemkesehatantaruna\system\View\View.php(210): include('C:\\xampp\\htdocs...')
#2 C:\xampp\htdocs\sistemkesehatantaruna\system\View\View.php(213): CodeIgniter\View\View->CodeIgniter\View\{closure}()
#3 C:\xampp\htdocs\sistemkesehatantaruna\system\Common.php(1089): CodeIgniter\View\View->render('dashboard', Array, true)
#4 C:\xampp\htdocs\sistemkesehatantaruna\app\Controllers\Home.php(45): view('dashboard', Array)
#5 C:\xampp\htdocs\sistemkesehatantaruna\system\CodeIgniter.php(825): App\Controllers\Home->index()
#6 C:\xampp\htdocs\sistemkesehatantaruna\system\CodeIgniter.php(412): CodeIgniter\CodeIgniter->runController(Object(App\Controllers\Home))
#7 C:\xampp\htdocs\sistemkesehatantaruna\system\CodeIgniter.php(320): CodeIgniter\CodeIgniter->handleRequest(NULL, Object(Config\Cache), false)
#8 C:\xampp\htdocs\sistemkesehatantaruna\public\index.php(37): CodeIgniter\CodeIgniter->run()
#9 {main}
CRITICAL - 2022-01-28 02:26:32 --> Trying to access array offset on value of type null
#0 C:\xampp\htdocs\sistemkesehatantaruna\app\Views\dashboard.php(71): CodeIgniter\Debug\Exceptions->errorHandler(2, 'Trying to acces...', 'C:\\xampp\\htdocs...', 71)
#1 C:\xampp\htdocs\sistemkesehatantaruna\system\View\View.php(210): include('C:\\xampp\\htdocs...')
#2 C:\xampp\htdocs\sistemkesehatantaruna\system\View\View.php(213): CodeIgniter\View\View->CodeIgniter\View\{closure}()
#3 C:\xampp\htdocs\sistemkesehatantaruna\system\Common.php(1089): CodeIgniter\View\View->render('dashboard', Array, true)
#4 C:\xampp\htdocs\sistemkesehatantaruna\app\Controllers\Home.php(45): view('dashboard', Array)
#5 C:\xampp\htdocs\sistemkesehatantaruna\system\CodeIgniter.php(825): App\Controllers\Home->index()
#6 C:\xampp\htdocs\sistemkesehatantaruna\system\CodeIgniter.php(412): CodeIgniter\CodeIgniter->runController(Object(App\Controllers\Home))
#7 C:\xampp\htdocs\sistemkesehatantaruna\system\CodeIgniter.php(320): CodeIgniter\CodeIgniter->handleRequest(NULL, Object(Config\Cache), false)
#8 C:\xampp\htdocs\sistemkesehatantaruna\public\index.php(37): CodeIgniter\CodeIgniter->run()
#9 {main}
CRITICAL - 2022-01-28 02:26:43 --> Trying to access array offset on value of type null
#0 C:\xampp\htdocs\sistemkesehatantaruna\app\Views\dashboard.php(71): CodeIgniter\Debug\Exceptions->errorHandler(2, 'Trying to acces...', 'C:\\xampp\\htdocs...', 71)
#1 C:\xampp\htdocs\sistemkesehatantaruna\system\View\View.php(210): include('C:\\xampp\\htdocs...')
#2 C:\xampp\htdocs\sistemkesehatantaruna\system\View\View.php(213): CodeIgniter\View\View->CodeIgniter\View\{closure}()
#3 C:\xampp\htdocs\sistemkesehatantaruna\system\Common.php(1089): CodeIgniter\View\View->render('dashboard', Array, true)
#4 C:\xampp\htdocs\sistemkesehatantaruna\app\Controllers\Home.php(45): view('dashboard', Array)
#5 C:\xampp\htdocs\sistemkesehatantaruna\system\CodeIgniter.php(825): App\Controllers\Home->index()
#6 C:\xampp\htdocs\sistemkesehatantaruna\system\CodeIgniter.php(412): CodeIgniter\CodeIgniter->runController(Object(App\Controllers\Home))
#7 C:\xampp\htdocs\sistemkesehatantaruna\system\CodeIgniter.php(320): CodeIgniter\CodeIgniter->handleRequest(NULL, Object(Config\Cache), false)
#8 C:\xampp\htdocs\sistemkesehatantaruna\public\index.php(37): CodeIgniter\CodeIgniter->run()
#9 {main}
CRITICAL - 2022-01-28 02:29:06 --> Trying to access array offset on value of type null
#0 C:\xampp\htdocs\sistemkesehatantaruna\app\Views\dashboard.php(71): CodeIgniter\Debug\Exceptions->errorHandler(2, 'Trying to acces...', 'C:\\xampp\\htdocs...', 71)
#1 C:\xampp\htdocs\sistemkesehatantaruna\system\View\View.php(210): include('C:\\xampp\\htdocs...')
#2 C:\xampp\htdocs\sistemkesehatantaruna\system\View\View.php(213): CodeIgniter\View\View->CodeIgniter\View\{closure}()
#3 C:\xampp\htdocs\sistemkesehatantaruna\system\Common.php(1089): CodeIgniter\View\View->render('dashboard', Array, true)
#4 C:\xampp\htdocs\sistemkesehatantaruna\app\Controllers\Home.php(45): view('dashboard', Array)
#5 C:\xampp\htdocs\sistemkesehatantaruna\system\CodeIgniter.php(825): App\Controllers\Home->index()
#6 C:\xampp\htdocs\sistemkesehatantaruna\system\CodeIgniter.php(412): CodeIgniter\CodeIgniter->runController(Object(App\Controllers\Home))
#7 C:\xampp\htdocs\sistemkesehatantaruna\system\CodeIgniter.php(320): CodeIgniter\CodeIgniter->handleRequest(NULL, Object(Config\Cache), false)
#8 C:\xampp\htdocs\sistemkesehatantaruna\public\index.php(37): CodeIgniter\CodeIgniter->run()
#9 {main}
CRITICAL - 2022-01-28 02:29:32 --> Trying to access array offset on value of type null
#0 C:\xampp\htdocs\sistemkesehatantaruna\app\Views\dashboard.php(71): CodeIgniter\Debug\Exceptions->errorHandler(2, 'Trying to acces...', 'C:\\xampp\\htdocs...', 71)
#1 C:\xampp\htdocs\sistemkesehatantaruna\system\View\View.php(210): include('C:\\xampp\\htdocs...')
#2 C:\xampp\htdocs\sistemkesehatantaruna\system\View\View.php(213): CodeIgniter\View\View->CodeIgniter\View\{closure}()
#3 C:\xampp\htdocs\sistemkesehatantaruna\system\Common.php(1089): CodeIgniter\View\View->render('dashboard', Array, true)
#4 C:\xampp\htdocs\sistemkesehatantaruna\app\Controllers\Home.php(45): view('dashboard', Array)
#5 C:\xampp\htdocs\sistemkesehatantaruna\system\CodeIgniter.php(825): App\Controllers\Home->index()
#6 C:\xampp\htdocs\sistemkesehatantaruna\system\CodeIgniter.php(412): CodeIgniter\CodeIgniter->runController(Object(App\Controllers\Home))
#7 C:\xampp\htdocs\sistemkesehatantaruna\system\CodeIgniter.php(320): CodeIgniter\CodeIgniter->handleRequest(NULL, Object(Config\Cache), false)
#8 C:\xampp\htdocs\sistemkesehatantaruna\public\index.php(37): CodeIgniter\CodeIgniter->run()
#9 {main}
CRITICAL - 2022-01-28 02:29:33 --> Trying to access array offset on value of type null
#0 C:\xampp\htdocs\sistemkesehatantaruna\app\Views\dashboard.php(71): CodeIgniter\Debug\Exceptions->errorHandler(2, 'Trying to acces...', 'C:\\xampp\\htdocs...', 71)
#1 C:\xampp\htdocs\sistemkesehatantaruna\system\View\View.php(210): include('C:\\xampp\\htdocs...')
#2 C:\xampp\htdocs\sistemkesehatantaruna\system\View\View.php(213): CodeIgniter\View\View->CodeIgniter\View\{closure}()
#3 C:\xampp\htdocs\sistemkesehatantaruna\system\Common.php(1089): CodeIgniter\View\View->render('dashboard', Array, true)
#4 C:\xampp\htdocs\sistemkesehatantaruna\app\Controllers\Home.php(45): view('dashboard', Array)
#5 C:\xampp\htdocs\sistemkesehatantaruna\system\CodeIgniter.php(825): App\Controllers\Home->index()
#6 C:\xampp\htdocs\sistemkesehatantaruna\system\CodeIgniter.php(412): CodeIgniter\CodeIgniter->runController(Object(App\Controllers\Home))
#7 C:\xampp\htdocs\sistemkesehatantaruna\system\CodeIgniter.php(320): CodeIgniter\CodeIgniter->handleRequest(NULL, Object(Config\Cache), false)
#8 C:\xampp\htdocs\sistemkesehatantaruna\public\index.php(37): CodeIgniter\CodeIgniter->run()
#9 {main}
CRITICAL - 2022-01-28 03:04:11 --> Trying to access array offset on value of type null
#0 C:\xampp\htdocs\sistemkesehatantaruna\app\Views\dashboard.php(72): CodeIgniter\Debug\Exceptions->errorHandler(2, 'Trying to acces...', 'C:\\xampp\\htdocs...', 72)
#1 C:\xampp\htdocs\sistemkesehatantaruna\system\View\View.php(210): include('C:\\xampp\\htdocs...')
#2 C:\xampp\htdocs\sistemkesehatantaruna\system\View\View.php(213): CodeIgniter\View\View->CodeIgniter\View\{closure}()
#3 C:\xampp\htdocs\sistemkesehatantaruna\system\Common.php(1089): CodeIgniter\View\View->render('dashboard', Array, true)
#4 C:\xampp\htdocs\sistemkesehatantaruna\app\Controllers\Home.php(45): view('dashboard', Array)
#5 C:\xampp\htdocs\sistemkesehatantaruna\system\CodeIgniter.php(825): App\Controllers\Home->index()
#6 C:\xampp\htdocs\sistemkesehatantaruna\system\CodeIgniter.php(412): CodeIgniter\CodeIgniter->runController(Object(App\Controllers\Home))
#7 C:\xampp\htdocs\sistemkesehatantaruna\system\CodeIgniter.php(320): CodeIgniter\CodeIgniter->handleRequest(NULL, Object(Config\Cache), false)
#8 C:\xampp\htdocs\sistemkesehatantaruna\public\index.php(37): CodeIgniter\CodeIgniter->run()
#9 {main}
CRITICAL - 2022-01-28 03:07:18 --> Undefined array key "tindak_lanjut"
#0 C:\xampp\htdocs\sistemkesehatantaruna\app\Views\dashboard.php(71): CodeIgniter\Debug\Exceptions->errorHandler(2, 'Undefined array...', 'C:\\xampp\\htdocs...', 71)
#1 C:\xampp\htdocs\sistemkesehatantaruna\system\View\View.php(210): include('C:\\xampp\\htdocs...')
#2 C:\xampp\htdocs\sistemkesehatantaruna\system\View\View.php(213): CodeIgniter\View\View->CodeIgniter\View\{closure}()
#3 C:\xampp\htdocs\sistemkesehatantaruna\system\Common.php(1089): CodeIgniter\View\View->render('dashboard', Array, true)
#4 C:\xampp\htdocs\sistemkesehatantaruna\app\Controllers\Home.php(45): view('dashboard', Array)
#5 C:\xampp\htdocs\sistemkesehatantaruna\system\CodeIgniter.php(825): App\Controllers\Home->index()
#6 C:\xampp\htdocs\sistemkesehatantaruna\system\CodeIgniter.php(412): CodeIgniter\CodeIgniter->runController(Object(App\Controllers\Home))
#7 C:\xampp\htdocs\sistemkesehatantaruna\system\CodeIgniter.php(320): CodeIgniter\CodeIgniter->handleRequest(NULL, Object(Config\Cache), false)
#8 C:\xampp\htdocs\sistemkesehatantaruna\public\index.php(37): CodeIgniter\CodeIgniter->run()
#9 {main}
CRITICAL - 2022-01-28 19:10:05 --> Undefined array key "tanggal"
#0 C:\xampp\htdocs\sistemkesehatantaruna\app\Views\dashboard.php(68): CodeIgniter\Debug\Exceptions->errorHandler(2, 'Undefined array...', 'C:\\xampp\\htdocs...', 68)
#1 C:\xampp\htdocs\sistemkesehatantaruna\system\View\View.php(210): include('C:\\xampp\\htdocs...')
#2 C:\xampp\htdocs\sistemkesehatantaruna\system\View\View.php(213): CodeIgniter\View\View->CodeIgniter\View\{closure}()
#3 C:\xampp\htdocs\sistemkesehatantaruna\system\Common.php(1089): CodeIgniter\View\View->render('dashboard', Array, true)
#4 C:\xampp\htdocs\sistemkesehatantaruna\app\Controllers\Home.php(32): view('dashboard', Array)
#5 C:\xampp\htdocs\sistemkesehatantaruna\system\CodeIgniter.php(825): App\Controllers\Home->index()
#6 C:\xampp\htdocs\sistemkesehatantaruna\system\CodeIgniter.php(412): CodeIgniter\CodeIgniter->runController(Object(App\Controllers\Home))
#7 C:\xampp\htdocs\sistemkesehatantaruna\system\CodeIgniter.php(320): CodeIgniter\CodeIgniter->handleRequest(NULL, Object(Config\Cache), false)
#8 C:\xampp\htdocs\sistemkesehatantaruna\public\index.php(37): CodeIgniter\CodeIgniter->run()
#9 {main}
CRITICAL - 2022-01-28 19:11:39 --> date_format(): Argument #1 ($object) must be of type DateTimeInterface, string given
#0 C:\xampp\htdocs\sistemkesehatantaruna\app\Views\dashboard.php(68): date_format('2022-01-29 08:0...', 'Y/m/d H:i:s')
#1 C:\xampp\htdocs\sistemkesehatantaruna\system\View\View.php(210): include('C:\\xampp\\htdocs...')
#2 C:\xampp\htdocs\sistemkesehatantaruna\system\View\View.php(213): CodeIgniter\View\View->CodeIgniter\View\{closure}()
#3 C:\xampp\htdocs\sistemkesehatantaruna\system\Common.php(1089): CodeIgniter\View\View->render('dashboard', Array, true)
#4 C:\xampp\htdocs\sistemkesehatantaruna\app\Controllers\Home.php(32): view('dashboard', Array)
#5 C:\xampp\htdocs\sistemkesehatantaruna\system\CodeIgniter.php(825): App\Controllers\Home->index()
#6 C:\xampp\htdocs\sistemkesehatantaruna\system\CodeIgniter.php(412): CodeIgniter\CodeIgniter->runController(Object(App\Controllers\Home))
#7 C:\xampp\htdocs\sistemkesehatantaruna\system\CodeIgniter.php(320): CodeIgniter\CodeIgniter->handleRequest(NULL, Object(Config\Cache), false)
#8 C:\xampp\htdocs\sistemkesehatantaruna\public\index.php(37): CodeIgniter\CodeIgniter->run()
#9 {main}
CRITICAL - 2022-01-28 21:56:31 --> syntax error, unexpected token "->", expecting identifier or variable or "{" or "$"
#0 C:\xampp\htdocs\sistemkesehatantaruna\system\Autoloader\Autoloader.php(241): CodeIgniter\Autoloader\Autoloader->includeFile('C:\\xampp\\htdocs...')
#1 C:\xampp\htdocs\sistemkesehatantaruna\system\Autoloader\Autoloader.php(219): CodeIgniter\Autoloader\Autoloader->loadInNamespace('App\\Models\\Kelu...')
#2 C:\xampp\htdocs\sistemkesehatantaruna\app\Controllers\Home.php(17): CodeIgniter\Autoloader\Autoloader->loadClass('App\\Models\\Kelu...')
#3 C:\xampp\htdocs\sistemkesehatantaruna\system\CodeIgniter.php(802): App\Controllers\Home->__construct()
#4 C:\xampp\htdocs\sistemkesehatantaruna\system\CodeIgniter.php(403): CodeIgniter\CodeIgniter->createController()
#5 C:\xampp\htdocs\sistemkesehatantaruna\system\CodeIgniter.php(320): CodeIgniter\CodeIgniter->handleRequest(NULL, Object(Config\Cache), false)
#6 C:\xampp\htdocs\sistemkesehatantaruna\public\index.php(37): CodeIgniter\CodeIgniter->run()
#7 {main}
CRITICAL - 2022-01-28 22:11:01 --> Too few arguments to function App\Controllers\Home::already_healthy(), 0 passed in C:\xampp\htdocs\sistemkesehatantaruna\system\CodeIgniter.php on line 825 and exactly 1 expected
#0 C:\xampp\htdocs\sistemkesehatantaruna\system\CodeIgniter.php(825): App\Controllers\Home->already_healthy()
#1 C:\xampp\htdocs\sistemkesehatantaruna\system\CodeIgniter.php(412): CodeIgniter\CodeIgniter->runController(Object(App\Controllers\Home))
#2 C:\xampp\htdocs\sistemkesehatantaruna\system\CodeIgniter.php(320): CodeIgniter\CodeIgniter->handleRequest(NULL, Object(Config\Cache), false)
#3 C:\xampp\htdocs\sistemkesehatantaruna\public\index.php(37): CodeIgniter\CodeIgniter->run()
#4 {main}
CRITICAL - 2022-01-28 22:22:48 --> syntax error, unexpected token "}"
#0 C:\xampp\htdocs\sistemkesehatantaruna\system\View\View.php(213): CodeIgniter\View\View->CodeIgniter\View\{closure}()
#1 C:\xampp\htdocs\sistemkesehatantaruna\system\Common.php(1089): CodeIgniter\View\View->render('dashboard', Array, true)
#2 C:\xampp\htdocs\sistemkesehatantaruna\app\Controllers\Home.php(38): view('dashboard', Array)
#3 C:\xampp\htdocs\sistemkesehatantaruna\system\CodeIgniter.php(825): App\Controllers\Home->index()
#4 C:\xampp\htdocs\sistemkesehatantaruna\system\CodeIgniter.php(412): CodeIgniter\CodeIgniter->runController(Object(App\Controllers\Home))
#5 C:\xampp\htdocs\sistemkesehatantaruna\system\CodeIgniter.php(320): CodeIgniter\CodeIgniter->handleRequest(NULL, Object(Config\Cache), false)
#6 C:\xampp\htdocs\sistemkesehatantaruna\public\index.php(37): CodeIgniter\CodeIgniter->run()
#7 {main}
CRITICAL - 2022-01-28 22:23:07 --> syntax error, unexpected token "}"
#0 C:\xampp\htdocs\sistemkesehatantaruna\system\View\View.php(213): CodeIgniter\View\View->CodeIgniter\View\{closure}()
#1 C:\xampp\htdocs\sistemkesehatantaruna\system\Common.php(1089): CodeIgniter\View\View->render('dashboard', Array, true)
#2 C:\xampp\htdocs\sistemkesehatantaruna\app\Controllers\Home.php(38): view('dashboard', Array)
#3 C:\xampp\htdocs\sistemkesehatantaruna\system\CodeIgniter.php(825): App\Controllers\Home->index()
#4 C:\xampp\htdocs\sistemkesehatantaruna\system\CodeIgniter.php(412): CodeIgniter\CodeIgniter->runController(Object(App\Controllers\Home))
#5 C:\xampp\htdocs\sistemkesehatantaruna\system\CodeIgniter.php(320): CodeIgniter\CodeIgniter->handleRequest(NULL, Object(Config\Cache), false)
#6 C:\xampp\htdocs\sistemkesehatantaruna\public\index.php(37): CodeIgniter\CodeIgniter->run()
#7 {main}
