CRITICAL - 2022-02-07 05:28:09 --> Call to undefined function CodeIgniter\locale_set_default()
#0 C:\xampp\htdocs\sistemkesehatantaruna\system\bootstrap.php(146): CodeIgniter\CodeIgniter->initialize()
#1 C:\xampp\htdocs\sistemkesehatantaruna\public\index.php(28): require('C:\\xampp\\htdocs...')
#2 {main}
CRITICAL - 2022-02-07 05:28:51 --> Call to undefined function CodeIgniter\locale_set_default()
#0 C:\xampp\htdocs\sistemkesehatantaruna\system\bootstrap.php(146): CodeIgniter\CodeIgniter->initialize()
#1 C:\xampp\htdocs\sistemkesehatantaruna\public\index.php(28): require('C:\\xampp\\htdocs...')
#2 {main}
CRITICAL - 2022-02-07 07:34:58 --> Undefined variable $users
#0 C:\xampp\htdocs\sistemkesehatantaruna\app\Views\templates\sidebar.php(30): CodeIgniter\Debug\Exceptions->errorHandler(2, 'Undefined varia...', 'C:\\xampp\\htdocs...', 30)
#1 C:\xampp\htdocs\sistemkesehatantaruna\system\View\View.php(210): include('C:\\xampp\\htdocs...')
#2 C:\xampp\htdocs\sistemkesehatantaruna\system\View\View.php(213): CodeIgniter\View\View->CodeIgniter\View\{closure}()
#3 C:\xampp\htdocs\sistemkesehatantaruna\system\Common.php(1089): CodeIgniter\View\View->render('templates/sideb...', Array, true)
#4 C:\xampp\htdocs\sistemkesehatantaruna\app\Controllers\Keluhan.php(30): view('templates/sideb...', Array)
#5 C:\xampp\htdocs\sistemkesehatantaruna\system\CodeIgniter.php(825): App\Controllers\Keluhan->index()
#6 C:\xampp\htdocs\sistemkesehatantaruna\system\CodeIgniter.php(412): CodeIgniter\CodeIgniter->runController(Object(App\Controllers\Keluhan))
#7 C:\xampp\htdocs\sistemkesehatantaruna\system\CodeIgniter.php(320): CodeIgniter\CodeIgniter->handleRequest(NULL, Object(Config\Cache), false)
#8 C:\xampp\htdocs\sistemkesehatantaruna\public\index.php(37): CodeIgniter\CodeIgniter->run()
#9 {main}
CRITICAL - 2022-02-07 07:35:24 --> Undefined variable $users
#0 C:\xampp\htdocs\sistemkesehatantaruna\app\Views\templates\sidebar.php(30): CodeIgniter\Debug\Exceptions->errorHandler(2, 'Undefined varia...', 'C:\\xampp\\htdocs...', 30)
#1 C:\xampp\htdocs\sistemkesehatantaruna\system\View\View.php(210): include('C:\\xampp\\htdocs...')
#2 C:\xampp\htdocs\sistemkesehatantaruna\system\View\View.php(213): CodeIgniter\View\View->CodeIgniter\View\{closure}()
#3 C:\xampp\htdocs\sistemkesehatantaruna\system\Common.php(1089): CodeIgniter\View\View->render('templates/sideb...', Array, true)
#4 C:\xampp\htdocs\sistemkesehatantaruna\app\Controllers\Keluhan.php(30): view('templates/sideb...', Array)
#5 C:\xampp\htdocs\sistemkesehatantaruna\system\CodeIgniter.php(825): App\Controllers\Keluhan->index()
#6 C:\xampp\htdocs\sistemkesehatantaruna\system\CodeIgniter.php(412): CodeIgniter\CodeIgniter->runController(Object(App\Controllers\Keluhan))
#7 C:\xampp\htdocs\sistemkesehatantaruna\system\CodeIgniter.php(320): CodeIgniter\CodeIgniter->handleRequest(NULL, Object(Config\Cache), false)
#8 C:\xampp\htdocs\sistemkesehatantaruna\public\index.php(37): CodeIgniter\CodeIgniter->run()
#9 {main}
CRITICAL - 2022-02-07 08:16:59 --> Undefined array key "email"
#0 C:\xampp\htdocs\sistemkesehatantaruna\app\Views\data_keluhan.php(86): CodeIgniter\Debug\Exceptions->errorHandler(2, 'Undefined array...', 'C:\\xampp\\htdocs...', 86)
#1 C:\xampp\htdocs\sistemkesehatantaruna\system\View\View.php(210): include('C:\\xampp\\htdocs...')
#2 C:\xampp\htdocs\sistemkesehatantaruna\system\View\View.php(213): CodeIgniter\View\View->CodeIgniter\View\{closure}()
#3 C:\xampp\htdocs\sistemkesehatantaruna\system\Common.php(1089): CodeIgniter\View\View->render('data_keluhan', Array, true)
#4 C:\xampp\htdocs\sistemkesehatantaruna\app\Controllers\Keluhan.php(58): view('data_keluhan', Array)
#5 C:\xampp\htdocs\sistemkesehatantaruna\system\CodeIgniter.php(825): App\Controllers\Keluhan->data_keluhan()
#6 C:\xampp\htdocs\sistemkesehatantaruna\system\CodeIgniter.php(412): CodeIgniter\CodeIgniter->runController(Object(App\Controllers\Keluhan))
#7 C:\xampp\htdocs\sistemkesehatantaruna\system\CodeIgniter.php(320): CodeIgniter\CodeIgniter->handleRequest(NULL, Object(Config\Cache), false)
#8 C:\xampp\htdocs\sistemkesehatantaruna\public\index.php(37): CodeIgniter\CodeIgniter->run()
#9 {main}
CRITICAL - 2022-02-07 08:19:47 --> Undefined variable $id
#0 C:\xampp\htdocs\sistemkesehatantaruna\app\Views\data_keluhan.php(88): CodeIgniter\Debug\Exceptions->errorHandler(2, 'Undefined varia...', 'C:\\xampp\\htdocs...', 88)
#1 C:\xampp\htdocs\sistemkesehatantaruna\system\View\View.php(210): include('C:\\xampp\\htdocs...')
#2 C:\xampp\htdocs\sistemkesehatantaruna\system\View\View.php(213): CodeIgniter\View\View->CodeIgniter\View\{closure}()
#3 C:\xampp\htdocs\sistemkesehatantaruna\system\Common.php(1089): CodeIgniter\View\View->render('data_keluhan', Array, true)
#4 C:\xampp\htdocs\sistemkesehatantaruna\app\Controllers\Keluhan.php(58): view('data_keluhan', Array)
#5 C:\xampp\htdocs\sistemkesehatantaruna\system\CodeIgniter.php(825): App\Controllers\Keluhan->data_keluhan()
#6 C:\xampp\htdocs\sistemkesehatantaruna\system\CodeIgniter.php(412): CodeIgniter\CodeIgniter->runController(Object(App\Controllers\Keluhan))
#7 C:\xampp\htdocs\sistemkesehatantaruna\system\CodeIgniter.php(320): CodeIgniter\CodeIgniter->handleRequest(NULL, Object(Config\Cache), false)
#8 C:\xampp\htdocs\sistemkesehatantaruna\public\index.php(37): CodeIgniter\CodeIgniter->run()
#9 {main}
CRITICAL - 2022-02-07 21:50:57 --> json_decode(): Argument #1 ($json) must be of type string, array given
#0 C:\xampp\htdocs\sistemkesehatantaruna\app\Controllers\Keluhan.php(110): json_decode(Array)
#1 C:\xampp\htdocs\sistemkesehatantaruna\system\CodeIgniter.php(825): App\Controllers\Keluhan->modal_beri_penanganan('69')
#2 C:\xampp\htdocs\sistemkesehatantaruna\system\CodeIgniter.php(412): CodeIgniter\CodeIgniter->runController(Object(App\Controllers\Keluhan))
#3 C:\xampp\htdocs\sistemkesehatantaruna\system\CodeIgniter.php(320): CodeIgniter\CodeIgniter->handleRequest(NULL, Object(Config\Cache), false)
#4 C:\xampp\htdocs\sistemkesehatantaruna\public\index.php(37): CodeIgniter\CodeIgniter->run()
#5 {main}
CRITICAL - 2022-02-07 21:57:58 --> json_decode(): Argument #1 ($json) must be of type string, array given
#0 C:\xampp\htdocs\sistemkesehatantaruna\app\Controllers\Keluhan.php(110): json_decode(Array)
#1 C:\xampp\htdocs\sistemkesehatantaruna\system\CodeIgniter.php(825): App\Controllers\Keluhan->modal_beri_penanganan('69')
#2 C:\xampp\htdocs\sistemkesehatantaruna\system\CodeIgniter.php(412): CodeIgniter\CodeIgniter->runController(Object(App\Controllers\Keluhan))
#3 C:\xampp\htdocs\sistemkesehatantaruna\system\CodeIgniter.php(320): CodeIgniter\CodeIgniter->handleRequest(NULL, Object(Config\Cache), false)
#4 C:\xampp\htdocs\sistemkesehatantaruna\public\index.php(37): CodeIgniter\CodeIgniter->run()
#5 {main}
CRITICAL - 2022-02-07 21:58:48 --> json_decode(): Argument #1 ($json) must be of type string, array given
#0 C:\xampp\htdocs\sistemkesehatantaruna\app\Controllers\Keluhan.php(110): json_decode(Array)
#1 C:\xampp\htdocs\sistemkesehatantaruna\system\CodeIgniter.php(825): App\Controllers\Keluhan->modal_beri_penanganan('69')
#2 C:\xampp\htdocs\sistemkesehatantaruna\system\CodeIgniter.php(412): CodeIgniter\CodeIgniter->runController(Object(App\Controllers\Keluhan))
#3 C:\xampp\htdocs\sistemkesehatantaruna\system\CodeIgniter.php(320): CodeIgniter\CodeIgniter->handleRequest(NULL, Object(Config\Cache), false)
#4 C:\xampp\htdocs\sistemkesehatantaruna\public\index.php(37): CodeIgniter\CodeIgniter->run()
#5 {main}
CRITICAL - 2022-02-07 21:58:54 --> json_decode(): Argument #1 ($json) must be of type string, array given
#0 C:\xampp\htdocs\sistemkesehatantaruna\app\Controllers\Keluhan.php(110): json_decode(Array)
#1 C:\xampp\htdocs\sistemkesehatantaruna\system\CodeIgniter.php(825): App\Controllers\Keluhan->modal_beri_penanganan('69')
#2 C:\xampp\htdocs\sistemkesehatantaruna\system\CodeIgniter.php(412): CodeIgniter\CodeIgniter->runController(Object(App\Controllers\Keluhan))
#3 C:\xampp\htdocs\sistemkesehatantaruna\system\CodeIgniter.php(320): CodeIgniter\CodeIgniter->handleRequest(NULL, Object(Config\Cache), false)
#4 C:\xampp\htdocs\sistemkesehatantaruna\public\index.php(37): CodeIgniter\CodeIgniter->run()
#5 {main}
CRITICAL - 2022-02-07 21:58:57 --> json_decode(): Argument #1 ($json) must be of type string, array given
#0 C:\xampp\htdocs\sistemkesehatantaruna\app\Controllers\Keluhan.php(110): json_decode(Array)
#1 C:\xampp\htdocs\sistemkesehatantaruna\system\CodeIgniter.php(825): App\Controllers\Keluhan->modal_beri_penanganan('69')
#2 C:\xampp\htdocs\sistemkesehatantaruna\system\CodeIgniter.php(412): CodeIgniter\CodeIgniter->runController(Object(App\Controllers\Keluhan))
#3 C:\xampp\htdocs\sistemkesehatantaruna\system\CodeIgniter.php(320): CodeIgniter\CodeIgniter->handleRequest(NULL, Object(Config\Cache), false)
#4 C:\xampp\htdocs\sistemkesehatantaruna\public\index.php(37): CodeIgniter\CodeIgniter->run()
#5 {main}
